src/components/advanced/Camera.tsx(66,3): error TS2339: Property 'visible' does not exist on type 'CameraProps'.
src/components/advanced/Camera.tsx(710,49): error TS2339: Property 'visible' does not exist on type 'CameraProps'.
src/components/advanced/Camera.tsx(722,26): error TS2322: Type '{ mode: "progress" | "barcode" | "food"; onCapture: (uri: string) => void; onBarcodeScanned?: ((barcode: string, type: string) => void) | undefined; onClose: () => void; style?: any; visible: any; }' is not assignable to type 'IntrinsicAttributes & CameraProps'.
src/components/animations/ProgressAnimation.tsx(97,15): error TS2322: Type 'AnimatedInterpolation<string | number>' is not assignable to type 'ReactNode'.
src/components/charts/index.ts(5,30): error TS2307: Cannot find module './CalorieChart' or its corresponding type declarations.
src/components/charts/index.ts(6,29): error TS2307: Cannot find module './WeightChart' or its corresponding type declarations.
src/components/common/index.ts(4,24): error TS2307: Cannot find module './Header' or its corresponding type declarations.
src/components/common/index.ts(5,24): error TS2307: Cannot find module './TabBar' or its corresponding type declarations.
src/components/common/index.ts(6,28): error TS2307: Cannot find module './StatusCard' or its corresponding type declarations.
src/components/diet/FoodRecognitionFeedback.tsx(177,50): error TS2322: Type 'number' is not assignable to type '1 | 2 | 3 | 4 | 5 | undefined'.
src/components/diet/index.ts(5,29): error TS2307: Cannot find module './FoodScanner' or its corresponding type declarations.
src/components/diet/index.ts(6,34): error TS2307: Cannot find module './NutritionSummary' or its corresponding type declarations.
src/components/diet/MealCard.tsx(68,11): error TS2322: Type 'any[]' is not assignable to type 'ViewStyle'.
src/components/diet/PortionAdjustment.tsx(11,3): error TS2305: Module '"react-native"' has no exported member 'PanGestureHandler'.
src/components/diet/PortionAdjustment.tsx(171,28): error TS2345: Argument of type '(RecognizedFood | { portionSize: { estimatedGrams: number; confidence: number; servingType: "small" | "medium" | "large" | "traditional"; }; nutrition: { calories: number; ... 5 more ...; sodium: number | undefined; }; ... 11 more ...; enhancementSource: "hybrid" | ... 2 more ... | "free_api"; })[]' is not assignable to parameter of type 'RecognizedFood[]'.
src/components/diet/ProductDetailsModal.tsx(178,48): error TS2322: Type '{ children: Element; visible: boolean; onClose: () => void; title: string; }' is not assignable to type 'IntrinsicAttributes & ModalProps'.
src/components/fitness/ExerciseCard.tsx(83,11): error TS2322: Type 'any[]' is not assignable to type 'ViewStyle'.
src/components/fitness/ExerciseGifPlayer.tsx(263,13): error TS2322: Type 'any[]' is not assignable to type 'ViewStyle'.
src/components/fitness/WeeklyCalendar.tsx(259,31): error TS2339: Property 'accent' does not exist on type '{ primary: string; primaryDark: string; primaryLight: string; secondary: string; secondaryDark: string; secondaryLight: string; background: string; backgroundSecondary: string; backgroundTertiary: string; ... 15 more ...; borderLight: string; }'.
src/components/fitness/WeeklyCalendar.tsx(280,25): error TS2339: Property 'accent' does not exist on type '{ primary: string; primaryDark: string; primaryLight: string; secondary: string; secondaryDark: string; secondaryLight: string; background: string; backgroundSecondary: string; backgroundTertiary: string; ... 15 more ...; borderLight: string; }'.
src/components/fitness/WeeklyCalendar.tsx(296,25): error TS2339: Property 'accent' does not exist on type '{ primary: string; primaryDark: string; primaryLight: string; secondary: string; secondaryDark: string; secondaryLight: string; background: string; backgroundSecondary: string; backgroundTertiary: string; ... 15 more ...; borderLight: string; }'.
src/components/fitness/WorkoutCard.tsx(70,11): error TS2322: Type 'any[]' is not assignable to type 'ViewStyle'.
src/components/forms/index.ts(4,32): error TS2307: Cannot find module './OnboardingForm' or its corresponding type declarations.
src/components/forms/index.ts(5,29): error TS2307: Cannot find module './ProfileForm' or its corresponding type declarations.
src/components/forms/index.ts(6,29): error TS2307: Cannot find module './MealLogForm' or its corresponding type declarations.
src/components/migration/MigrationIntegration.tsx(112,37): error TS2339: Property 'conflicts' does not exist on type 'MigrationResult'.
src/components/migration/MigrationIntegration.tsx(114,41): error TS2339: Property 'conflicts' does not exist on type 'MigrationResult'.
src/components/migration/MigrationProgressModal.tsx(19,28): error TS2614: Module '"../../services/migrationManager"' has no exported member 'MigrationProgress'. Did you mean to use 'import MigrationProgress from "../../services/migrationManager"' instead?
src/components/notifications/NotificationEditModal.tsx(22,38): error TS2367: This comparison appears to be unintentional because the types 'WebManifest | undefined' and 'boolean' have no overlap.
src/components/notifications/WaterReminderEditModal.tsx(21,38): error TS2367: This comparison appears to be unintentional because the types 'WebManifest | undefined' and 'boolean' have no overlap.
src/components/nutrition/IngredientDetailModal.tsx(44,10): error TS2339: Property 'name' does not exist on type 'MealItem'.
src/components/nutrition/IngredientDetailModal.tsx(45,48): error TS2339: Property 'name' does not exist on type 'MealItem'.
src/components/nutrition/IngredientDetailModal.tsx(152,67): error TS2339: Property 'name' does not exist on type 'MealItem'.
src/components/nutrition/IngredientDetailModal.tsx(157,58): error TS2339: Property 'unit' does not exist on type 'MealItem'.
src/components/nutrition/IngredientDetailModal.tsx(227,72): error TS2339: Property 'unit' does not exist on type 'MealItem'.
src/components/nutrition/NutritionAnalytics.tsx(170,96): error TS2339: Property 'macroTargets' does not exist on type 'NutritionGoals'.
src/components/nutrition/NutritionAnalytics.tsx(174,44): error TS2339: Property 'macroTargets' does not exist on type 'NutritionGoals'.
src/components/nutrition/NutritionAnalytics.tsx(181,75): error TS2339: Property 'macroTargets' does not exist on type 'NutritionGoals'.
src/components/nutrition/NutritionAnalytics.tsx(192,94): error TS2339: Property 'macroTargets' does not exist on type 'NutritionGoals'.
src/components/nutrition/NutritionAnalytics.tsx(194,86): error TS2339: Property 'macroTargets' does not exist on type 'NutritionGoals'.
src/components/nutrition/NutritionAnalytics.tsx(200,75): error TS2339: Property 'macroTargets' does not exist on type 'NutritionGoals'.
src/components/nutrition/NutritionAnalytics.tsx(211,92): error TS2339: Property 'macroTargets' does not exist on type 'NutritionGoals'.
src/components/nutrition/NutritionAnalytics.tsx(213,84): error TS2339: Property 'macroTargets' does not exist on type 'NutritionGoals'.
src/components/nutrition/NutritionAnalytics.tsx(219,75): error TS2339: Property 'macroTargets' does not exist on type 'NutritionGoals'.
src/components/nutrition/NutritionAnalytics.tsx(277,76): error TS2339: Property 'macroTargets' does not exist on type 'NutritionGoals'.
src/components/subscription/PaywallModal.tsx(137,13): error TS2322: Type '{ children: Element; className: string; }' is not assignable to type 'IntrinsicAttributes & IntrinsicClassAttributes<View> & Readonly<ViewProps>'.
src/components/subscription/PaywallModal.tsx(138,15): error TS2322: Type '{ children: Element; className: string; }' is not assignable to type 'IntrinsicAttributes & IntrinsicClassAttributes<View> & Readonly<ViewProps>'.
src/components/subscription/PaywallModal.tsx(139,17): error TS2322: Type '{ children: Element[]; className: string; }' is not assignable to type 'IntrinsicAttributes & IntrinsicClassAttributes<View> & Readonly<ViewProps>'.
src/components/subscription/PaywallModal.tsx(141,19): error TS2322: Type '{ children: (false | Element)[]; className: string; }' is not assignable to type 'IntrinsicAttributes & IntrinsicClassAttributes<View> & Readonly<ViewProps>'.
src/components/subscription/PaywallModal.tsx(142,21): error TS2322: Type '{ children: Element[]; className: string; }' is not assignable to type 'IntrinsicAttributes & IntrinsicClassAttributes<View> & Readonly<ViewProps>'.
src/components/subscription/PaywallModal.tsx(143,23): error TS2322: Type '{ children: Element[]; className: string; }' is not assignable to type 'IntrinsicAttributes & IntrinsicClassAttributes<View> & Readonly<ViewProps>'.
src/components/subscription/PaywallModal.tsx(144,25): error TS2322: Type '{ children: string; className: string; }' is not assignable to type 'IntrinsicAttributes & IntrinsicClassAttributes<Text> & Readonly<TextProps>'.
src/components/subscription/PaywallModal.tsx(147,25): error TS2322: Type '{ children: string; className: string; }' is not assignable to type 'IntrinsicAttributes & IntrinsicClassAttributes<Text> & Readonly<TextProps>'.
src/components/subscription/PaywallModal.tsx(154,19): error TS2322: Type '{ children: Element; onPress: () => void; className: string; }' is not assignable to type 'IntrinsicAttributes & PressableProps & RefAttributes<View>'.
src/components/subscription/PaywallModal.tsx(156,25): error TS2322: Type '{ children: string; className: string; }' is not assignable to type 'IntrinsicAttributes & IntrinsicClassAttributes<Text> & Readonly<TextProps>'.
src/components/subscription/PaywallModal.tsx(162,23): error TS2322: Type '{ children: Element[]; className: string; }' is not assignable to type 'IntrinsicAttributes & IntrinsicClassAttributes<View> & Readonly<ViewProps>'.
src/components/subscription/PaywallModal.tsx(163,25): error TS2322: Type '{ children: string; className: string; }' is not assignable to type 'IntrinsicAttributes & IntrinsicClassAttributes<Text> & Readonly<TextProps>'.
src/components/subscription/PaywallModal.tsx(166,25): error TS2322: Type '{ children: string; className: string; }' is not assignable to type 'IntrinsicAttributes & IntrinsicClassAttributes<Text> & Readonly<TextProps>'.
src/components/subscription/PaywallModal.tsx(173,25): error TS2322: Type '{ children: Element[]; className: string; showsVerticalScrollIndicator: false; }' is not assignable to type 'IntrinsicAttributes & IntrinsicClassAttributes<ScrollView> & Readonly<ScrollViewProps>'.
src/components/subscription/PaywallModal.tsx(175,21): error TS2322: Type '{ children: Element[]; className: string; }' is not assignable to type 'IntrinsicAttributes & IntrinsicClassAttributes<View> & Readonly<ViewProps>'.
src/components/subscription/PaywallModal.tsx(176,23): error TS2322: Type '{ children: string; className: string; }' is not assignable to type 'IntrinsicAttributes & IntrinsicClassAttributes<Text> & Readonly<TextProps>'.
src/components/subscription/PaywallModal.tsx(180,23): error TS2322: Type '{ children: Element[]; className: string; }' is not assignable to type 'IntrinsicAttributes & IntrinsicClassAttributes<View> & Readonly<ViewProps>'.
src/components/subscription/PaywallModal.tsx(189,25): error TS2322: Type '{ children: (Element | null)[]; key: string; onPress: () => void; className: string; }' is not assignable to type 'IntrinsicAttributes & PressableProps & RefAttributes<View>'.
src/components/subscription/PaywallModal.tsx(197,33): error TS2322: Type '{ children: Element; className: string; }' is not assignable to type 'IntrinsicAttributes & IntrinsicClassAttributes<View> & Readonly<ViewProps>'.
src/components/subscription/PaywallModal.tsx(198,35): error TS2322: Type '{ children: string; className: string; }' is not assignable to type 'IntrinsicAttributes & IntrinsicClassAttributes<Text> & Readonly<TextProps>'.
src/components/subscription/PaywallModal.tsx(204,31): error TS2322: Type '{ children: Element[]; className: string; }' is not assignable to type 'IntrinsicAttributes & IntrinsicClassAttributes<View> & Readonly<ViewProps>'.
src/components/subscription/PaywallModal.tsx(205,33): error TS2322: Type '{ children: (false | 0 | Element | undefined)[]; className: string; }' is not assignable to type 'IntrinsicAttributes & IntrinsicClassAttributes<View> & Readonly<ViewProps>'.
src/components/subscription/PaywallModal.tsx(206,35): error TS2322: Type '{ children: string; className: string; }' is not assignable to type 'IntrinsicAttributes & IntrinsicClassAttributes<Text> & Readonly<TextProps>'.
src/components/subscription/PaywallModal.tsx(212,35): error TS2322: Type '{ children: string; className: string; }' is not assignable to type 'IntrinsicAttributes & IntrinsicClassAttributes<Text> & Readonly<TextProps>'.
src/components/subscription/PaywallModal.tsx(217,37): error TS2322: Type '{ children: (string | number)[]; className: string; }' is not assignable to type 'IntrinsicAttributes & IntrinsicClassAttributes<Text> & Readonly<TextProps>'.
src/components/subscription/PaywallModal.tsx(223,33): error TS2322: Type '{ children: ("" | Element | undefined)[]; className: string; }' is not assignable to type 'IntrinsicAttributes & IntrinsicClassAttributes<View> & Readonly<ViewProps>'.
src/components/subscription/PaywallModal.tsx(224,35): error TS2322: Type '{ children: string; className: string; }' is not assignable to type 'IntrinsicAttributes & IntrinsicClassAttributes<Text> & Readonly<TextProps>'.
src/components/subscription/PaywallModal.tsx(231,37): error TS2322: Type '{ children: string; className: string; }' is not assignable to type 'IntrinsicAttributes & IntrinsicClassAttributes<Text> & Readonly<TextProps>'.
src/components/subscription/PaywallModal.tsx(236,35): error TS2322: Type '{ children: string; className: string; }' is not assignable to type 'IntrinsicAttributes & IntrinsicClassAttributes<Text> & Readonly<TextProps>'.
src/components/subscription/PaywallModal.tsx(243,31): error TS2322: Type '{ children: false | Element; className: string; }' is not assignable to type 'IntrinsicAttributes & IntrinsicClassAttributes<View> & Readonly<ViewProps>'.
src/components/subscription/PaywallModal.tsx(249,35): error TS2322: Type '{ children: Element; className: string; }' is not assignable to type 'IntrinsicAttributes & IntrinsicClassAttributes<View> & Readonly<ViewProps>'.
src/components/subscription/PaywallModal.tsx(250,37): error TS2322: Type '{ children: string; className: string; }' is not assignable to type 'IntrinsicAttributes & IntrinsicClassAttributes<Text> & Readonly<TextProps>'.
src/components/subscription/PaywallModal.tsx(261,21): error TS2322: Type '{ children: (false | Element | undefined)[]; className: string; }' is not assignable to type 'IntrinsicAttributes & IntrinsicClassAttributes<View> & Readonly<ViewProps>'.
src/components/subscription/PaywallModal.tsx(264,19): error TS2322: Type '{ children: Element[]; onPress: () => void; className: string; }' is not assignable to type 'IntrinsicAttributes & PressableProps & RefAttributes<View>'.
src/components/subscription/PaywallModal.tsx(266,25): error TS2322: Type '{ children: string; className: string; }' is not assignable to type 'IntrinsicAttributes & IntrinsicClassAttributes<Text> & Readonly<TextProps>'.
src/components/subscription/PaywallModal.tsx(269,25): error TS2322: Type '{ children: string; className: string; }' is not assignable to type 'IntrinsicAttributes & IntrinsicClassAttributes<Text> & Readonly<TextProps>'.
src/components/subscription/PaywallModal.tsx(277,25): error TS2322: Type '{ children: Element[]; className: string; }' is not assignable to type 'IntrinsicAttributes & IntrinsicClassAttributes<View> & Readonly<ViewProps>'.
src/components/subscription/PaywallModal.tsx(279,41): error TS2322: Type '{ children: Element[]; key: number; className: string; }' is not assignable to type 'IntrinsicAttributes & IntrinsicClassAttributes<View> & Readonly<ViewProps>'.
src/components/subscription/PaywallModal.tsx(280,31): error TS2322: Type '{ children: string; className: string; }' is not assignable to type 'IntrinsicAttributes & IntrinsicClassAttributes<Text> & Readonly<TextProps>'.
src/components/subscription/PaywallModal.tsx(283,31): error TS2322: Type '{ children: string; className: string; }' is not assignable to type 'IntrinsicAttributes & IntrinsicClassAttributes<Text> & Readonly<TextProps>'.
src/components/subscription/PaywallModal.tsx(294,19): error TS2322: Type '{ children: ("" | Element | null)[]; className: string; }' is not assignable to type 'IntrinsicAttributes & IntrinsicClassAttributes<View> & Readonly<ViewProps>'.
src/components/subscription/PaywallModal.tsx(297,23): error TS2322: Type '{ children: Element; className: string; }' is not assignable to type 'IntrinsicAttributes & IntrinsicClassAttributes<View> & Readonly<ViewProps>'.
src/components/subscription/PaywallModal.tsx(298,25): error TS2322: Type '{ children: string; className: string; }' is not assignable to type 'IntrinsicAttributes & IntrinsicClassAttributes<Text> & Readonly<TextProps>'.
src/components/subscription/PaywallModal.tsx(308,17): error TS2322: Type '{ children: Element; onPress: () => Promise<void>; disabled: boolean; className: string; }' is not assignable to type 'IntrinsicAttributes & PressableProps & RefAttributes<View>'.
src/components/subscription/PaywallModal.tsx(317,25): error TS2322: Type '{ children: string; className: string; }' is not assignable to type 'IntrinsicAttributes & IntrinsicClassAttributes<Text> & Readonly<TextProps>'.
src/components/subscription/PaywallModal.tsx(329,17): error TS2322: Type '{ children: Element; onPress: () => Promise<void>; className: string; }' is not assignable to type 'IntrinsicAttributes & PressableProps & RefAttributes<View>'.
src/components/subscription/PaywallModal.tsx(331,23): error TS2322: Type '{ children: string; className: string; }' is not assignable to type 'IntrinsicAttributes & IntrinsicClassAttributes<Text> & Readonly<TextProps>'.
src/components/subscription/PaywallModal.tsx(337,21): error TS2322: Type '{ children: Element; className: string; }' is not assignable to type 'IntrinsicAttributes & IntrinsicClassAttributes<View> & Readonly<ViewProps>'.
src/components/subscription/PaywallModal.tsx(338,23): error TS2322: Type '{ children: string[]; className: string; }' is not assignable to type 'IntrinsicAttributes & IntrinsicClassAttributes<Text> & Readonly<TextProps>'.
src/components/subscription/PremiumBadge.tsx(57,11): error TS2322: Type '{ children: Element[]; onPress: (() => void) | undefined; className: string; }' is not assignable to type 'IntrinsicAttributes & PressableProps & RefAttributes<View>'.
src/components/subscription/PremiumBadge.tsx(59,17): error TS2322: Type '{ children: string; className: string; }' is not assignable to type 'IntrinsicAttributes & IntrinsicClassAttributes<Text> & Readonly<TextProps>'.
src/components/subscription/PremiumBadge.tsx(60,17): error TS2322: Type '{ children: string; className: string; }' is not assignable to type 'IntrinsicAttributes & IntrinsicClassAttributes<Text> & Readonly<TextProps>'.
src/components/subscription/PremiumBadge.tsx(69,15): error TS2322: Type '{ children: Element[]; className: string; }' is not assignable to type 'IntrinsicAttributes & IntrinsicClassAttributes<View> & Readonly<ViewProps>'.
src/components/subscription/PremiumBadge.tsx(70,17): error TS2322: Type '{ children: string; className: string; }' is not assignable to type 'IntrinsicAttributes & IntrinsicClassAttributes<Text> & Readonly<TextProps>'.
src/components/subscription/PremiumBadge.tsx(71,17): error TS2322: Type '{ children: (string | number)[]; className: string; }' is not assignable to type 'IntrinsicAttributes & IntrinsicClassAttributes<Text> & Readonly<TextProps>'.
src/components/subscription/PremiumBadge.tsx(84,15): error TS2322: Type '{ children: Element[]; className: string; }' is not assignable to type 'IntrinsicAttributes & IntrinsicClassAttributes<View> & Readonly<ViewProps>'.
src/components/subscription/PremiumBadge.tsx(85,17): error TS2322: Type '{ children: string; className: string; }' is not assignable to type 'IntrinsicAttributes & IntrinsicClassAttributes<Text> & Readonly<TextProps>'.
src/components/subscription/PremiumBadge.tsx(86,17): error TS2322: Type '{ children: string; className: string; }' is not assignable to type 'IntrinsicAttributes & IntrinsicClassAttributes<Text> & Readonly<TextProps>'.
src/components/subscription/PremiumBadge.tsx(102,11): error TS2322: Type '{ children: Element; onPress: (() => void) | undefined; className: string; }' is not assignable to type 'IntrinsicAttributes & PressableProps & RefAttributes<View>'.
src/components/subscription/PremiumBadge.tsx(104,17): error TS2322: Type '{ children: Element[]; className: string; }' is not assignable to type 'IntrinsicAttributes & IntrinsicClassAttributes<View> & Readonly<ViewProps>'.
src/components/subscription/PremiumBadge.tsx(105,19): error TS2322: Type '{ children: Element[]; className: string; }' is not assignable to type 'IntrinsicAttributes & IntrinsicClassAttributes<View> & Readonly<ViewProps>'.
src/components/subscription/PremiumBadge.tsx(106,21): error TS2322: Type '{ children: Element[]; className: string; }' is not assignable to type 'IntrinsicAttributes & IntrinsicClassAttributes<View> & Readonly<ViewProps>'.
src/components/subscription/PremiumBadge.tsx(107,23): error TS2322: Type '{ children: string; className: string; }' is not assignable to type 'IntrinsicAttributes & IntrinsicClassAttributes<Text> & Readonly<TextProps>'.
src/components/subscription/PremiumBadge.tsx(108,23): error TS2322: Type '{ children: string; className: string; }' is not assignable to type 'IntrinsicAttributes & IntrinsicClassAttributes<Text> & Readonly<TextProps>'.
src/components/subscription/PremiumBadge.tsx(112,21): error TS2322: Type '{ children: string; className: string; }' is not assignable to type 'IntrinsicAttributes & IntrinsicClassAttributes<Text> & Readonly<TextProps>'.
src/components/subscription/PremiumBadge.tsx(117,19): error TS2322: Type '{ children: Element; className: string; }' is not assignable to type 'IntrinsicAttributes & IntrinsicClassAttributes<View> & Readonly<ViewProps>'.
src/components/subscription/PremiumBadge.tsx(118,21): error TS2322: Type '{ children: string; className: string; }' is not assignable to type 'IntrinsicAttributes & IntrinsicClassAttributes<Text> & Readonly<TextProps>'.
src/components/subscription/PremiumBadge.tsx(129,15): error TS2322: Type '{ children: Element; className: string; }' is not assignable to type 'IntrinsicAttributes & IntrinsicClassAttributes<View> & Readonly<ViewProps>'.
src/components/subscription/PremiumBadge.tsx(130,17): error TS2322: Type '{ children: Element[]; className: string; }' is not assignable to type 'IntrinsicAttributes & IntrinsicClassAttributes<View> & Readonly<ViewProps>'.
src/components/subscription/PremiumBadge.tsx(131,19): error TS2322: Type '{ children: Element[]; className: string; }' is not assignable to type 'IntrinsicAttributes & IntrinsicClassAttributes<View> & Readonly<ViewProps>'.
src/components/subscription/PremiumBadge.tsx(132,21): error TS2322: Type '{ children: Element[]; className: string; }' is not assignable to type 'IntrinsicAttributes & IntrinsicClassAttributes<View> & Readonly<ViewProps>'.
src/components/subscription/PremiumBadge.tsx(133,23): error TS2322: Type '{ children: string; className: string; }' is not assignable to type 'IntrinsicAttributes & IntrinsicClassAttributes<Text> & Readonly<TextProps>'.
src/components/subscription/PremiumBadge.tsx(134,23): error TS2322: Type '{ children: string; className: string; }' is not assignable to type 'IntrinsicAttributes & IntrinsicClassAttributes<Text> & Readonly<TextProps>'.
src/components/subscription/PremiumBadge.tsx(138,21): error TS2322: Type '{ children: (string | number)[]; className: string; }' is not assignable to type 'IntrinsicAttributes & IntrinsicClassAttributes<Text> & Readonly<TextProps>'.
src/components/subscription/PremiumBadge.tsx(143,19): error TS2322: Type '{ children: Element; className: string; }' is not assignable to type 'IntrinsicAttributes & IntrinsicClassAttributes<View> & Readonly<ViewProps>'.
src/components/subscription/PremiumBadge.tsx(144,21): error TS2322: Type '{ children: (string | number)[]; className: string; }' is not assignable to type 'IntrinsicAttributes & IntrinsicClassAttributes<Text> & Readonly<TextProps>'.
src/components/subscription/PremiumBadge.tsx(159,15): error TS2322: Type '{ children: Element; className: string; }' is not assignable to type 'IntrinsicAttributes & IntrinsicClassAttributes<View> & Readonly<ViewProps>'.
src/components/subscription/PremiumBadge.tsx(160,17): error TS2322: Type '{ children: Element[]; className: string; }' is not assignable to type 'IntrinsicAttributes & IntrinsicClassAttributes<View> & Readonly<ViewProps>'.
src/components/subscription/PremiumBadge.tsx(161,19): error TS2322: Type '{ children: Element[]; className: string; }' is not assignable to type 'IntrinsicAttributes & IntrinsicClassAttributes<View> & Readonly<ViewProps>'.
src/components/subscription/PremiumBadge.tsx(162,21): error TS2322: Type '{ children: Element[]; className: string; }' is not assignable to type 'IntrinsicAttributes & IntrinsicClassAttributes<View> & Readonly<ViewProps>'.
src/components/subscription/PremiumBadge.tsx(163,23): error TS2322: Type '{ children: string; className: string; }' is not assignable to type 'IntrinsicAttributes & IntrinsicClassAttributes<Text> & Readonly<TextProps>'.
src/components/subscription/PremiumBadge.tsx(164,23): error TS2322: Type '{ children: string; className: string; }' is not assignable to type 'IntrinsicAttributes & IntrinsicClassAttributes<Text> & Readonly<TextProps>'.
src/components/subscription/PremiumBadge.tsx(168,21): error TS2322: Type '{ children: (string | false | undefined)[]; className: string; }' is not assignable to type 'IntrinsicAttributes & IntrinsicClassAttributes<Text> & Readonly<TextProps>'.
src/components/subscription/PremiumBadge.tsx(176,19): error TS2322: Type '{ children: Element; className: string; }' is not assignable to type 'IntrinsicAttributes & IntrinsicClassAttributes<View> & Readonly<ViewProps>'.
src/components/subscription/PremiumBadge.tsx(177,21): error TS2322: Type '{ children: "monthly" | "yearly" | "lifetime" | "free"; className: string; }' is not assignable to type 'IntrinsicAttributes & IntrinsicClassAttributes<Text> & Readonly<TextProps>'.
src/components/subscription/PremiumBadge.tsx(193,38): error TS2322: Type '{ children: Element[]; onPress: (() => void) | undefined; className: string; }' is not assignable to type 'IntrinsicAttributes & PressableProps & RefAttributes<View>'.
src/components/subscription/PremiumBadge.tsx(194,17): error TS2322: Type '{ children: string; className: string; }' is not assignable to type 'IntrinsicAttributes & IntrinsicClassAttributes<Text> & Readonly<TextProps>'.
src/components/subscription/PremiumBadge.tsx(195,17): error TS2322: Type '{ children: string; className: string; }' is not assignable to type 'IntrinsicAttributes & IntrinsicClassAttributes<Text> & Readonly<TextProps>'.
src/components/subscription/PremiumBadge.tsx(204,15): error TS2322: Type '{ children: Element[]; className: string; }' is not assignable to type 'IntrinsicAttributes & IntrinsicClassAttributes<View> & Readonly<ViewProps>'.
src/components/subscription/PremiumBadge.tsx(205,17): error TS2322: Type '{ children: string; className: string; }' is not assignable to type 'IntrinsicAttributes & IntrinsicClassAttributes<Text> & Readonly<TextProps>'.
src/components/subscription/PremiumBadge.tsx(206,17): error TS2322: Type '{ children: (string | number)[]; className: string; }' is not assignable to type 'IntrinsicAttributes & IntrinsicClassAttributes<Text> & Readonly<TextProps>'.
src/components/subscription/PremiumBadge.tsx(219,15): error TS2322: Type '{ children: Element[]; className: string; }' is not assignable to type 'IntrinsicAttributes & IntrinsicClassAttributes<View> & Readonly<ViewProps>'.
src/components/subscription/PremiumBadge.tsx(220,17): error TS2322: Type '{ children: string; className: string; }' is not assignable to type 'IntrinsicAttributes & IntrinsicClassAttributes<Text> & Readonly<TextProps>'.
src/components/subscription/PremiumBadge.tsx(221,17): error TS2322: Type '{ children: string; className: string; }' is not assignable to type 'IntrinsicAttributes & IntrinsicClassAttributes<Text> & Readonly<TextProps>'.
src/components/subscription/PremiumGate.tsx(40,13): error TS2322: Type '{ children: Element[]; className: string; }' is not assignable to type 'IntrinsicAttributes & IntrinsicClassAttributes<View> & Readonly<ViewProps>'.
src/components/subscription/PremiumGate.tsx(41,15): error TS2322: Type '{ children: Element; className: string; }' is not assignable to type 'IntrinsicAttributes & IntrinsicClassAttributes<View> & Readonly<ViewProps>'.
src/components/subscription/PremiumGate.tsx(42,17): error TS2322: Type '{ children: string; className: string; }' is not assignable to type 'IntrinsicAttributes & IntrinsicClassAttributes<Text> & Readonly<TextProps>'.
src/components/subscription/PremiumGate.tsx(45,15): error TS2322: Type '{ children: string; className: string; }' is not assignable to type 'IntrinsicAttributes & IntrinsicClassAttributes<Text> & Readonly<TextProps>'.
src/components/subscription/PremiumGate.tsx(49,15): error TS2322: Type '{ children: string; className: string; }' is not assignable to type 'IntrinsicAttributes & IntrinsicClassAttributes<Text> & Readonly<TextProps>'.
src/components/subscription/PremiumGate.tsx(55,11): error TS2322: Type '{ children: Element; onPress: () => void; className: string; }' is not assignable to type 'IntrinsicAttributes & PressableProps & RefAttributes<View>'.
src/components/subscription/PremiumGate.tsx(57,17): error TS2322: Type '{ children: string; className: string; }' is not assignable to type 'IntrinsicAttributes & IntrinsicClassAttributes<Text> & Readonly<TextProps>'.
src/components/subscription/PremiumGate.tsx(62,15): error TS2322: Type '{ children: Element; className: string; }' is not assignable to type 'IntrinsicAttributes & IntrinsicClassAttributes<View> & Readonly<ViewProps>'.
src/components/ui/Card.tsx(57,44): error TS18046: 'child.props' is of type 'unknown'.
src/components/ui/Card.tsx(65,38): error TS2339: Property 'children' does not exist on type '{}'.
src/components/ui/Card.tsx(66,64): error TS2339: Property 'children' does not exist on type '{}'.
src/components/ui/Card.tsx(67,45): error TS2339: Property 'children' does not exist on type '{}'.
src/components/ui/ChipSelector.tsx(93,11): error TS2322: Type 'string[]' is not assignable to type 'readonly [ColorValue, ColorValue, ...ColorValue[]]'.
src/components/ui/CustomDialog.tsx(121,25): error TS2322: Type '{}[]' is not assignable to type 'ViewStyle'.
src/components/ui/CustomDialog.tsx(295,33): error TS2339: Property 'statsContainer' does not exist on type '{ overlay: { flex: number; backgroundColor: string; justifyContent: "center"; alignItems: "center"; }; safeArea: { width: "85%"; maxWidth: number; }; dialogCard: { padding: number; alignItems: "center"; }; ... 7 more ...; lastActionButton: {}; }'.
src/components/ui/CustomDialog.tsx(296,35): error TS2339: Property 'statsTitle' does not exist on type '{ overlay: { flex: number; backgroundColor: string; justifyContent: "center"; alignItems: "center"; }; safeArea: { width: "85%"; maxWidth: number; }; dialogCard: { padding: number; alignItems: "center"; }; ... 7 more ...; lastActionButton: {}; }'.
src/components/ui/CustomDialog.tsx(298,35): error TS2339: Property 'statsGrid' does not exist on type '{ overlay: { flex: number; backgroundColor: string; justifyContent: "center"; alignItems: "center"; }; safeArea: { width: "85%"; maxWidth: number; }; dialogCard: { padding: number; alignItems: "center"; }; ... 7 more ...; lastActionButton: {}; }'.
src/components/ui/CustomDialog.tsx(299,37): error TS2339: Property 'statItem' does not exist on type '{ overlay: { flex: number; backgroundColor: string; justifyContent: "center"; alignItems: "center"; }; safeArea: { width: "85%"; maxWidth: number; }; dialogCard: { padding: number; alignItems: "center"; }; ... 7 more ...; lastActionButton: {}; }'.
src/components/ui/CustomDialog.tsx(300,39): error TS2339: Property 'statValue' does not exist on type '{ overlay: { flex: number; backgroundColor: string; justifyContent: "center"; alignItems: "center"; }; safeArea: { width: "85%"; maxWidth: number; }; dialogCard: { padding: number; alignItems: "center"; }; ... 7 more ...; lastActionButton: {}; }'.
src/components/ui/CustomDialog.tsx(301,39): error TS2339: Property 'statLabel' does not exist on type '{ overlay: { flex: number; backgroundColor: string; justifyContent: "center"; alignItems: "center"; }; safeArea: { width: "85%"; maxWidth: number; }; dialogCard: { padding: number; alignItems: "center"; }; ... 7 more ...; lastActionButton: {}; }'.
src/components/ui/CustomDialog.tsx(303,37): error TS2339: Property 'statItem' does not exist on type '{ overlay: { flex: number; backgroundColor: string; justifyContent: "center"; alignItems: "center"; }; safeArea: { width: "85%"; maxWidth: number; }; dialogCard: { padding: number; alignItems: "center"; }; ... 7 more ...; lastActionButton: {}; }'.
src/components/ui/CustomDialog.tsx(304,39): error TS2339: Property 'statValue' does not exist on type '{ overlay: { flex: number; backgroundColor: string; justifyContent: "center"; alignItems: "center"; }; safeArea: { width: "85%"; maxWidth: number; }; dialogCard: { padding: number; alignItems: "center"; }; ... 7 more ...; lastActionButton: {}; }'.
src/components/ui/CustomDialog.tsx(305,39): error TS2339: Property 'statLabel' does not exist on type '{ overlay: { flex: number; backgroundColor: string; justifyContent: "center"; alignItems: "center"; }; safeArea: { width: "85%"; maxWidth: number; }; dialogCard: { padding: number; alignItems: "center"; }; ... 7 more ...; lastActionButton: {}; }'.
src/components/ui/CustomDialog.tsx(307,37): error TS2339: Property 'statItem' does not exist on type '{ overlay: { flex: number; backgroundColor: string; justifyContent: "center"; alignItems: "center"; }; safeArea: { width: "85%"; maxWidth: number; }; dialogCard: { padding: number; alignItems: "center"; }; ... 7 more ...; lastActionButton: {}; }'.
src/components/ui/CustomDialog.tsx(308,39): error TS2339: Property 'statValue' does not exist on type '{ overlay: { flex: number; backgroundColor: string; justifyContent: "center"; alignItems: "center"; }; safeArea: { width: "85%"; maxWidth: number; }; dialogCard: { padding: number; alignItems: "center"; }; ... 7 more ...; lastActionButton: {}; }'.
src/components/ui/CustomDialog.tsx(311,39): error TS2339: Property 'statLabel' does not exist on type '{ overlay: { flex: number; backgroundColor: string; justifyContent: "center"; alignItems: "center"; }; safeArea: { width: "85%"; maxWidth: number; }; dialogCard: { padding: number; alignItems: "center"; }; ... 7 more ...; lastActionButton: {}; }'.
src/components/ui/GradientBarChart.tsx(98,13): error TS2322: Type 'string[]' is not assignable to type 'readonly [ColorValue, ColorValue, ...ColorValue[]]'.
src/components/ui/Input.tsx(90,13): error TS2322: Type 'false | "" | 0 | 0n | { paddingLeft: number; } | null | undefined' is not assignable to type 'TextStyle | Falsy | RegisteredStyle<TextStyle> | RecursiveArray<TextStyle | Falsy | RegisteredStyle<TextStyle>> | readonly (TextStyle | ... 1 more ... | RegisteredStyle<...>)[]'.
src/components/ui/Input.tsx(91,13): error TS2322: Type 'false | "" | 0 | 0n | { paddingRight: number; } | null | undefined' is not assignable to type 'TextStyle | Falsy | RegisteredStyle<TextStyle> | RecursiveArray<TextStyle | Falsy | RegisteredStyle<TextStyle>> | readonly (TextStyle | ... 1 more ... | RegisteredStyle<...>)[]'.
src/components/ui/loading/AuroraSpinner.tsx(137,29): error TS2551: Property '__getValue' does not exist on type 'Value'. Did you mean 'setValue'?
src/components/ui/loading/AuroraSpinner.tsx(164,11): error TS2322: Type 'string[]' is not assignable to type 'readonly [ColorValue, ColorValue, ...ColorValue[]]'.
src/components/ui/loading/AuroraSpinner.tsx(200,14): error TS2323: Cannot redeclare exported variable 'AuroraSpinnerSmall'.
src/components/ui/loading/AuroraSpinner.tsx(207,14): error TS2323: Cannot redeclare exported variable 'AuroraSpinnerMedium'.
src/components/ui/loading/AuroraSpinner.tsx(214,14): error TS2323: Cannot redeclare exported variable 'AuroraSpinnerLarge'.
src/components/ui/loading/AuroraSpinner.tsx(221,14): error TS2323: Cannot redeclare exported variable 'AuroraSpinnerXLarge'.
src/components/ui/loading/AuroraSpinner.tsx(259,14): error TS2323: Cannot redeclare exported variable 'LoadingOverlay'.
src/components/ui/loading/AuroraSpinner.tsx(277,29): error TS2551: Property '__getValue' does not exist on type 'Value'. Did you mean 'setValue'?
src/components/ui/loading/AuroraSpinner.tsx(346,14): error TS2323: Cannot redeclare exported variable 'InlineLoading'.
src/components/ui/loading/AuroraSpinner.tsx(427,3): error TS2323: Cannot redeclare exported variable 'AuroraSpinnerSmall'.
src/components/ui/loading/AuroraSpinner.tsx(427,3): error TS2484: Export declaration conflicts with exported declaration of 'AuroraSpinnerSmall'.
src/components/ui/loading/AuroraSpinner.tsx(428,3): error TS2323: Cannot redeclare exported variable 'AuroraSpinnerMedium'.
src/components/ui/loading/AuroraSpinner.tsx(428,3): error TS2484: Export declaration conflicts with exported declaration of 'AuroraSpinnerMedium'.
src/components/ui/loading/AuroraSpinner.tsx(429,3): error TS2323: Cannot redeclare exported variable 'AuroraSpinnerLarge'.
src/components/ui/loading/AuroraSpinner.tsx(429,3): error TS2484: Export declaration conflicts with exported declaration of 'AuroraSpinnerLarge'.
src/components/ui/loading/AuroraSpinner.tsx(430,3): error TS2323: Cannot redeclare exported variable 'AuroraSpinnerXLarge'.
src/components/ui/loading/AuroraSpinner.tsx(430,3): error TS2484: Export declaration conflicts with exported declaration of 'AuroraSpinnerXLarge'.
src/components/ui/loading/AuroraSpinner.tsx(431,3): error TS2323: Cannot redeclare exported variable 'LoadingOverlay'.
src/components/ui/loading/AuroraSpinner.tsx(431,3): error TS2484: Export declaration conflicts with exported declaration of 'LoadingOverlay'.
src/components/ui/loading/AuroraSpinner.tsx(432,3): error TS2323: Cannot redeclare exported variable 'InlineLoading'.
src/components/ui/loading/AuroraSpinner.tsx(432,3): error TS2484: Export declaration conflicts with exported declaration of 'InlineLoading'.
src/components/ui/loading/ProgressiveImage.tsx(262,14): error TS2323: Cannot redeclare exported variable 'ProgressiveImageBackground'.
src/components/ui/loading/ProgressiveImage.tsx(321,14): error TS2323: Cannot redeclare exported variable 'ProgressiveAvatar'.
src/components/ui/loading/ProgressiveImage.tsx(381,14): error TS2323: Cannot redeclare exported variable 'CachedProgressiveImage'.
src/components/ui/loading/ProgressiveImage.tsx(449,3): error TS2323: Cannot redeclare exported variable 'ProgressiveImageBackground'.
src/components/ui/loading/ProgressiveImage.tsx(449,3): error TS2484: Export declaration conflicts with exported declaration of 'ProgressiveImageBackground'.
src/components/ui/loading/ProgressiveImage.tsx(450,3): error TS2323: Cannot redeclare exported variable 'ProgressiveAvatar'.
src/components/ui/loading/ProgressiveImage.tsx(450,3): error TS2484: Export declaration conflicts with exported declaration of 'ProgressiveAvatar'.
src/components/ui/loading/ProgressiveImage.tsx(451,3): error TS2323: Cannot redeclare exported variable 'CachedProgressiveImage'.
src/components/ui/loading/ProgressiveImage.tsx(451,3): error TS2484: Export declaration conflicts with exported declaration of 'CachedProgressiveImage'.
src/components/ui/loading/SkeletonScreen.tsx(139,11): error TS2322: Type 'string | number' is not assignable to type 'DimensionValue | undefined'.
src/components/ui/loading/SkeletonScreen.tsx(145,11): error TS2322: Type 'string | number' is not assignable to type 'DimensionValue | undefined'.
src/components/ui/loading/SkeletonScreen.tsx(146,11): error TS2322: Type 'string | number' is not assignable to type 'DimensionValue | undefined'.
src/components/ui/loading/SkeletonScreen.tsx(152,11): error TS2322: Type 'string | number' is not assignable to type 'DimensionValue | undefined'.
src/components/ui/loading/SkeletonScreen.tsx(153,11): error TS2322: Type 'string | number' is not assignable to type 'DimensionValue | undefined'.
src/components/ui/loading/SkeletonScreen.tsx(234,14): error TS2323: Cannot redeclare exported variable 'SkeletonCard'.
src/components/ui/loading/SkeletonScreen.tsx(250,14): error TS2323: Cannot redeclare exported variable 'SkeletonListItem'.
src/components/ui/loading/SkeletonScreen.tsx(265,14): error TS2323: Cannot redeclare exported variable 'SkeletonProfile'.
src/components/ui/loading/SkeletonScreen.tsx(278,14): error TS2323: Cannot redeclare exported variable 'SkeletonText'.
src/components/ui/loading/SkeletonScreen.tsx(297,14): error TS2323: Cannot redeclare exported variable 'SkeletonGrid'.
src/components/ui/loading/SkeletonScreen.tsx(387,3): error TS2323: Cannot redeclare exported variable 'SkeletonCard'.
src/components/ui/loading/SkeletonScreen.tsx(387,3): error TS2484: Export declaration conflicts with exported declaration of 'SkeletonCard'.
src/components/ui/loading/SkeletonScreen.tsx(388,3): error TS2323: Cannot redeclare exported variable 'SkeletonListItem'.
src/components/ui/loading/SkeletonScreen.tsx(388,3): error TS2484: Export declaration conflicts with exported declaration of 'SkeletonListItem'.
src/components/ui/loading/SkeletonScreen.tsx(389,3): error TS2323: Cannot redeclare exported variable 'SkeletonProfile'.
src/components/ui/loading/SkeletonScreen.tsx(389,3): error TS2484: Export declaration conflicts with exported declaration of 'SkeletonProfile'.
src/components/ui/loading/SkeletonScreen.tsx(390,3): error TS2323: Cannot redeclare exported variable 'SkeletonText'.
src/components/ui/loading/SkeletonScreen.tsx(390,3): error TS2484: Export declaration conflicts with exported declaration of 'SkeletonText'.
src/components/ui/loading/SkeletonScreen.tsx(391,3): error TS2323: Cannot redeclare exported variable 'SkeletonGrid'.
src/components/ui/loading/SkeletonScreen.tsx(391,3): error TS2484: Export declaration conflicts with exported declaration of 'SkeletonGrid'.
src/components/ui/MetricInput.tsx(139,15): error TS2322: Type 'string[]' is not assignable to type 'readonly [ColorValue, ColorValue, ...ColorValue[]]'.
src/components/ui/MetricInput.tsx(149,15): error TS2322: Type 'string[]' is not assignable to type 'readonly [ColorValue, ColorValue, ...ColorValue[]]'.
src/components/ui/Modal.tsx(113,17): error TS2322: Type '{ height: string | number; }' is not assignable to type 'ViewStyle | Falsy | RegisteredStyle<ViewStyle> | RecursiveArray<ViewStyle | Falsy | RegisteredStyle<ViewStyle>> | readonly (ViewStyle | ... 1 more ... | RegisteredStyle<...>)[]'.
src/components/ui/PulseButton.tsx(82,13): error TS2322: Type '[...string[], string]' is not assignable to type 'readonly [ColorValue, ColorValue, ...ColorValue[]]'.
src/components/ui/PulseButton.tsx(93,11): error TS2322: Type 'string[]' is not assignable to type 'readonly [ColorValue, ColorValue, ...ColorValue[]]'.
src/components/ui/SegmentedControl.tsx(83,11): error TS2322: Type 'string[]' is not assignable to type 'readonly [ColorValue, ColorValue, ...ColorValue[]]'.
src/components/ui/ToggleCard.tsx(145,15): error TS2322: Type 'string[]' is not assignable to type 'readonly [ColorValue, ColorValue, ...ColorValue[]]'.
src/components/workout/index.ts(4,30): error TS2307: Cannot find module './ExerciseCard' or its corresponding type declarations.
src/components/workout/index.ts(5,30): error TS2307: Cannot find module './WorkoutTimer' or its corresponding type declarations.
src/components/workout/index.ts(6,28): error TS2307: Cannot find module './SetCounter' or its corresponding type declarations.
src/data/achievements.ts(19,7): error TS2322: Type '"workouts_completed"' is not assignable to type '"streak" | "total" | "personal_best" | "challenge" | "special"'.
src/data/achievements.ts(28,5): error TS2322: Type 'number' is not assignable to type '{ current: number; target: number; unit: string; }'.
src/data/achievements.ts(38,7): error TS2322: Type '"workout_streak"' is not assignable to type '"streak" | "total" | "personal_best" | "challenge" | "special"'.
src/data/achievements.ts(40,7): error TS2322: Type '"days"' is not assignable to type '"daily" | "weekly" | "monthly" | "all_time" | undefined'.
src/data/achievements.ts(48,5): error TS2322: Type 'number' is not assignable to type '{ current: number; target: number; unit: string; }'.
src/data/achievements.ts(58,7): error TS2322: Type '"workout_streak"' is not assignable to type '"streak" | "total" | "personal_best" | "challenge" | "special"'.
src/data/achievements.ts(60,7): error TS2322: Type '"days"' is not assignable to type '"daily" | "weekly" | "monthly" | "all_time" | undefined'.
src/data/achievements.ts(68,5): error TS2322: Type 'number' is not assignable to type '{ current: number; target: number; unit: string; }'.
src/data/achievements.ts(78,7): error TS2322: Type '"workout_streak"' is not assignable to type '"streak" | "total" | "personal_best" | "challenge" | "special"'.
src/data/achievements.ts(80,7): error TS2322: Type '"days"' is not assignable to type '"daily" | "weekly" | "monthly" | "all_time" | undefined'.
src/data/achievements.ts(88,5): error TS2322: Type 'number' is not assignable to type '{ current: number; target: number; unit: string; }'.
src/data/achievements.ts(98,7): error TS2322: Type '"workout_streak"' is not assignable to type '"streak" | "total" | "personal_best" | "challenge" | "special"'.
src/data/achievements.ts(100,7): error TS2322: Type '"days"' is not assignable to type '"daily" | "weekly" | "monthly" | "all_time" | undefined'.
src/data/achievements.ts(107,5): error TS2322: Type 'number' is not assignable to type '{ current: number; target: number; unit: string; }'.
src/data/achievements.ts(119,7): error TS2322: Type '"strength_workouts"' is not assignable to type '"streak" | "total" | "personal_best" | "challenge" | "special"'.
src/data/achievements.ts(128,5): error TS2322: Type 'number' is not assignable to type '{ current: number; target: number; unit: string; }'.
src/data/achievements.ts(138,7): error TS2322: Type '"strength_workouts"' is not assignable to type '"streak" | "total" | "personal_best" | "challenge" | "special"'.
src/data/achievements.ts(147,5): error TS2322: Type 'number' is not assignable to type '{ current: number; target: number; unit: string; }'.
src/data/achievements.ts(157,7): error TS2322: Type '"strength_workouts"' is not assignable to type '"streak" | "total" | "personal_best" | "challenge" | "special"'.
src/data/achievements.ts(165,5): error TS2322: Type 'number' is not assignable to type '{ current: number; target: number; unit: string; }'.
src/data/achievements.ts(177,7): error TS2322: Type '"cardio_workouts"' is not assignable to type '"streak" | "total" | "personal_best" | "challenge" | "special"'.
src/data/achievements.ts(186,5): error TS2322: Type 'number' is not assignable to type '{ current: number; target: number; unit: string; }'.
src/data/achievements.ts(196,7): error TS2322: Type '"cardio_workouts"' is not assignable to type '"streak" | "total" | "personal_best" | "challenge" | "special"'.
src/data/achievements.ts(205,5): error TS2322: Type 'number' is not assignable to type '{ current: number; target: number; unit: string; }'.
src/data/achievements.ts(215,7): error TS2322: Type '"cardio_workouts"' is not assignable to type '"streak" | "total" | "personal_best" | "challenge" | "special"'.
src/data/achievements.ts(223,5): error TS2322: Type 'number' is not assignable to type '{ current: number; target: number; unit: string; }'.
src/data/achievements.ts(235,7): error TS2322: Type '"nutrition_streak"' is not assignable to type '"streak" | "total" | "personal_best" | "challenge" | "special"'.
src/data/achievements.ts(237,7): error TS2322: Type '"days"' is not assignable to type '"daily" | "weekly" | "monthly" | "all_time" | undefined'.
src/data/achievements.ts(245,5): error TS2322: Type 'number' is not assignable to type '{ current: number; target: number; unit: string; }'.
src/data/achievements.ts(255,7): error TS2322: Type '"nutrition_streak"' is not assignable to type '"streak" | "total" | "personal_best" | "challenge" | "special"'.
src/data/achievements.ts(257,7): error TS2322: Type '"days"' is not assignable to type '"daily" | "weekly" | "monthly" | "all_time" | undefined'.
src/data/achievements.ts(264,5): error TS2322: Type 'number' is not assignable to type '{ current: number; target: number; unit: string; }'.
src/data/achievements.ts(274,7): error TS2322: Type '"calorie_goals_met"' is not assignable to type '"streak" | "total" | "personal_best" | "challenge" | "special"'.
src/data/achievements.ts(276,7): error TS2322: Type '"week"' is not assignable to type '"daily" | "weekly" | "monthly" | "all_time" | undefined'.
src/data/achievements.ts(283,5): error TS2322: Type 'number' is not assignable to type '{ current: number; target: number; unit: string; }'.
src/data/achievements.ts(293,7): error TS2322: Type '"protein_goals_met"' is not assignable to type '"streak" | "total" | "personal_best" | "challenge" | "special"'.
src/data/achievements.ts(295,7): error TS2322: Type '"week"' is not assignable to type '"daily" | "weekly" | "monthly" | "all_time" | undefined'.
src/data/achievements.ts(302,5): error TS2322: Type 'number' is not assignable to type '{ current: number; target: number; unit: string; }'.
src/data/achievements.ts(314,7): error TS2322: Type '"weight_lost"' is not assignable to type '"streak" | "total" | "personal_best" | "challenge" | "special"'.
src/data/achievements.ts(323,5): error TS2322: Type 'number' is not assignable to type '{ current: number; target: number; unit: string; }'.
src/data/achievements.ts(333,7): error TS2322: Type '"weight_lost"' is not assignable to type '"streak" | "total" | "personal_best" | "challenge" | "special"'.
src/data/achievements.ts(341,5): error TS2322: Type 'number' is not assignable to type '{ current: number; target: number; unit: string; }'.
src/data/achievements.ts(351,7): error TS2322: Type '"muscle_gained"' is not assignable to type '"streak" | "total" | "personal_best" | "challenge" | "special"'.
src/data/achievements.ts(359,5): error TS2322: Type 'number' is not assignable to type '{ current: number; target: number; unit: string; }'.
src/data/achievements.ts(371,7): error TS2322: Type '"early_workouts"' is not assignable to type '"streak" | "total" | "personal_best" | "challenge" | "special"'.
src/data/achievements.ts(379,5): error TS2322: Type 'number' is not assignable to type '{ current: number; target: number; unit: string; }'.
src/data/achievements.ts(389,7): error TS2322: Type '"late_workouts"' is not assignable to type '"streak" | "total" | "personal_best" | "challenge" | "special"'.
src/data/achievements.ts(397,5): error TS2322: Type 'number' is not assignable to type '{ current: number; target: number; unit: string; }'.
src/data/achievements.ts(407,7): error TS2322: Type '"weekend_workouts"' is not assignable to type '"streak" | "total" | "personal_best" | "challenge" | "special"'.
src/data/achievements.ts(415,5): error TS2322: Type 'number' is not assignable to type '{ current: number; target: number; unit: string; }'.
src/data/achievements.ts(425,7): error TS2322: Type '"unique_exercises"' is not assignable to type '"streak" | "total" | "personal_best" | "challenge" | "special"'.
src/data/achievements.ts(433,5): error TS2322: Type 'number' is not assignable to type '{ current: number; target: number; unit: string; }'.
src/data/achievements.ts(487,59): error TS2339: Property 'difficulty' does not exist on type 'Achievement'.
src/data/achievements.ts(494,59): error TS2551: Property 'isUnlocked' does not exist on type 'Achievement'. Did you mean 'unlockedAt'?
src/data/achievements.ts(501,60): error TS2551: Property 'isUnlocked' does not exist on type 'Achievement'. Did you mean 'unlockedAt'?
src/data/achievements.ts(515,59): error TS2551: Property 'isUnlocked' does not exist on type 'Achievement'. Did you mean 'unlockedAt'?
src/data/achievements.ts(516,50): error TS2551: Property 'reward' does not exist on type 'Achievement'. Did you mean 'rewards'?
src/data/achievements.ts(525,60): error TS2551: Property 'isUnlocked' does not exist on type 'Achievement'. Did you mean 'unlockedAt'?
src/data/achievements.ts(526,21): error TS2362: The left-hand side of an arithmetic operation must be of type 'any', 'number', 'bigint' or an enum type.
src/data/achievements.ts(526,41): error TS2363: The right-hand side of an arithmetic operation must be of type 'any', 'number', 'bigint' or an enum type.
src/data/achievements.ts(549,35): error TS2551: Property 'isUnlocked' does not exist on type 'Achievement'. Did you mean 'unlockedAt'?
src/data/achievements.ts(554,3): error TS2322: Type 'number' is not assignable to type '{ current: number; target: number; unit: string; }'.
src/data/achievements.ts(557,17): error TS2551: Property 'isUnlocked' does not exist on type 'Achievement'. Did you mean 'unlockedAt'?
src/data/foods.ts(14,5): error TS2820: Type '"protein"' is not assignable to type 'FoodCategory'. Did you mean '"proteins"'?
src/data/foods.ts(25,21): error TS2820: Type '"high-protein"' is not assignable to type 'DietaryLabel'. Did you mean '"high_protein"'?
src/data/foods.ts(25,37): error TS2820: Type '"low-carb"' is not assignable to type 'DietaryLabel'. Did you mean '"low_carb"'?
src/data/foods.ts(31,5): error TS2820: Type '"protein"' is not assignable to type 'FoodCategory'. Did you mean '"proteins"'?
src/data/foods.ts(42,21): error TS2820: Type '"high-protein"' is not assignable to type 'DietaryLabel'. Did you mean '"high_protein"'?
src/data/foods.ts(42,37): error TS2322: Type '"omega-3"' is not assignable to type 'DietaryLabel'.
src/data/foods.ts(42,48): error TS2820: Type '"low-carb"' is not assignable to type 'DietaryLabel'. Did you mean '"low_carb"'?
src/data/foods.ts(48,5): error TS2820: Type '"protein"' is not assignable to type 'FoodCategory'. Did you mean '"proteins"'?
src/data/foods.ts(59,21): error TS2820: Type '"high-protein"' is not assignable to type 'DietaryLabel'. Did you mean '"high_protein"'?
src/data/foods.ts(59,37): error TS2322: Type '"complete-protein"' is not assignable to type 'DietaryLabel'.
src/data/foods.ts(65,5): error TS2820: Type '"protein"' is not assignable to type 'FoodCategory'. Did you mean '"proteins"'?
src/data/foods.ts(75,17): error TS2322: Type '"dairy"' is not assignable to type 'Allergen'.
src/data/foods.ts(76,21): error TS2820: Type '"high-protein"' is not assignable to type 'DietaryLabel'. Did you mean '"high_protein"'?
src/data/foods.ts(76,37): error TS2322: Type '"probiotic"' is not assignable to type 'DietaryLabel'.
src/data/foods.ts(76,50): error TS2322: Type '"low-fat"' is not assignable to type 'DietaryLabel'.
src/data/foods.ts(82,5): error TS2820: Type '"protein"' is not assignable to type 'FoodCategory'. Did you mean '"proteins"'?
src/data/foods.ts(92,17): error TS2322: Type '"soy"' is not assignable to type 'Allergen'.
src/data/foods.ts(93,30): error TS2322: Type '"plant-protein"' is not assignable to type 'DietaryLabel'.
src/data/foods.ts(93,47): error TS2820: Type '"low-carb"' is not assignable to type 'DietaryLabel'. Did you mean '"low_carb"'?
src/data/foods.ts(112,21): error TS2322: Type '"whole-grain"' is not assignable to type 'DietaryLabel'.
src/data/foods.ts(112,36): error TS2820: Type '"gluten-free"' is not assignable to type 'DietaryLabel'. Did you mean '"gluten_free"'?
src/data/foods.ts(129,21): error TS2322: Type '"complete-protein"' is not assignable to type 'DietaryLabel'.
src/data/foods.ts(129,41): error TS2820: Type '"gluten-free"' is not assignable to type 'DietaryLabel'. Did you mean '"gluten_free"'?
src/data/foods.ts(129,56): error TS2322: Type '"superfood"' is not assignable to type 'DietaryLabel'.
src/data/foods.ts(145,17): error TS2322: Type '"gluten"' is not assignable to type 'Allergen'.
src/data/foods.ts(146,21): error TS2322: Type '"whole-grain"' is not assignable to type 'DietaryLabel'.
src/data/foods.ts(146,36): error TS2322: Type '"high-fiber"' is not assignable to type 'DietaryLabel'.
src/data/foods.ts(163,21): error TS2322: Type '"high-fiber"' is not assignable to type 'DietaryLabel'.
src/data/foods.ts(163,35): error TS2322: Type '"vitamin-a"' is not assignable to type 'DietaryLabel'.
src/data/foods.ts(163,48): error TS2322: Type '"complex-carbs"' is not assignable to type 'DietaryLabel'.
src/data/foods.ts(182,21): error TS2322: Type '"low-calorie"' is not assignable to type 'DietaryLabel'.
src/data/foods.ts(182,36): error TS2322: Type '"high-fiber"' is not assignable to type 'DietaryLabel'.
src/data/foods.ts(182,50): error TS2322: Type '"vitamin-c"' is not assignable to type 'DietaryLabel'.
src/data/foods.ts(199,21): error TS2322: Type '"low-calorie"' is not assignable to type 'DietaryLabel'.
src/data/foods.ts(199,36): error TS2322: Type '"iron"' is not assignable to type 'DietaryLabel'.
src/data/foods.ts(199,44): error TS2322: Type '"folate"' is not assignable to type 'DietaryLabel'.
src/data/foods.ts(216,21): error TS2322: Type '"low-calorie"' is not assignable to type 'DietaryLabel'.
src/data/foods.ts(216,36): error TS2322: Type '"vitamin-c"' is not assignable to type 'DietaryLabel'.
src/data/foods.ts(216,49): error TS2322: Type '"antioxidants"' is not assignable to type 'DietaryLabel'.
src/data/foods.ts(235,21): error TS2322: Type '"potassium"' is not assignable to type 'DietaryLabel'.
src/data/foods.ts(235,34): error TS2322: Type '"natural-sugar"' is not assignable to type 'DietaryLabel'.
src/data/foods.ts(235,51): error TS2322: Type '"pre-workout"' is not assignable to type 'DietaryLabel'.
src/data/foods.ts(252,21): error TS2322: Type '"low-calorie"' is not assignable to type 'DietaryLabel'.
src/data/foods.ts(252,36): error TS2322: Type '"high-fiber"' is not assignable to type 'DietaryLabel'.
src/data/foods.ts(252,50): error TS2322: Type '"antioxidants"' is not assignable to type 'DietaryLabel'.
src/data/foods.ts(269,21): error TS2322: Type '"antioxidants"' is not assignable to type 'DietaryLabel'.
src/data/foods.ts(269,37): error TS2322: Type '"superfood"' is not assignable to type 'DietaryLabel'.
src/data/foods.ts(269,50): error TS2322: Type '"low-calorie"' is not assignable to type 'DietaryLabel'.
src/data/foods.ts(286,21): error TS2322: Type '"healthy-fats"' is not assignable to type 'DietaryLabel'.
src/data/foods.ts(286,37): error TS2322: Type '"high-fiber"' is not assignable to type 'DietaryLabel'.
src/data/foods.ts(286,51): error TS2322: Type '"potassium"' is not assignable to type 'DietaryLabel'.
src/data/foods.ts(294,5): error TS2322: Type '"nuts_seeds"' is not assignable to type 'FoodCategory'.
src/data/foods.ts(305,21): error TS2322: Type '"healthy-fats"' is not assignable to type 'DietaryLabel'.
src/data/foods.ts(305,37): error TS2820: Type '"high-protein"' is not assignable to type 'DietaryLabel'. Did you mean '"high_protein"'?
src/data/foods.ts(305,53): error TS2322: Type '"vitamin-e"' is not assignable to type 'DietaryLabel'.
src/data/foods.ts(311,5): error TS2322: Type '"nuts_seeds"' is not assignable to type 'FoodCategory'.
src/data/foods.ts(322,21): error TS2322: Type '"omega-3"' is not assignable to type 'DietaryLabel'.
src/data/foods.ts(322,32): error TS2322: Type '"high-fiber"' is not assignable to type 'DietaryLabel'.
src/data/foods.ts(322,46): error TS2322: Type '"superfood"' is not assignable to type 'DietaryLabel'.
src/data/foods.ts(340,17): error TS2322: Type '"dairy"' is not assignable to type 'Allergen'.
src/data/foods.ts(341,21): error TS2322: Type '"calcium"' is not assignable to type 'DietaryLabel'.
src/data/foods.ts(341,32): error TS2322: Type '"protein"' is not assignable to type 'DietaryLabel'.
src/data/foods.ts(357,17): error TS2322: Type '"dairy"' is not assignable to type 'Allergen'.
src/data/foods.ts(358,21): error TS2820: Type '"high-protein"' is not assignable to type 'DietaryLabel'. Did you mean '"high_protein"'?
src/data/foods.ts(358,37): error TS2322: Type '"low-fat"' is not assignable to type 'DietaryLabel'.
src/data/foods.ts(358,48): error TS2322: Type '"calcium"' is not assignable to type 'DietaryLabel'.
src/data/foods.ts(366,5): error TS2322: Type '"oils_fats"' is not assignable to type 'FoodCategory'.
src/data/foods.ts(377,21): error TS2322: Type '"healthy-fats"' is not assignable to type 'DietaryLabel'.
src/data/foods.ts(377,37): error TS2322: Type '"monounsaturated"' is not assignable to type 'DietaryLabel'.
src/data/foods.ts(377,56): error TS2322: Type '"antioxidants"' is not assignable to type 'DietaryLabel'.
src/data/foods.ts(392,35): error TS2367: This comparison appears to be unintentional because the types 'FoodCategory' and '"protein"' have no overlap.
src/data/foods.ts(420,35): error TS2367: This comparison appears to be unintentional because the types 'FoodCategory' and '"nuts_seeds"' have no overlap.
src/data/foods.ts(434,35): error TS2367: This comparison appears to be unintentional because the types 'FoodCategory' and '"oils_fats"' have no overlap.
src/data/foods.ts(453,61): error TS2345: Argument of type 'string' is not assignable to parameter of type 'DietaryLabel'.
src/data/foods.ts(460,38): error TS2339: Property 'macros' does not exist on type 'Food'.
src/data/foods.ts(467,38): error TS2339: Property 'calories' does not exist on type 'Food'.
src/data/foods.ts(500,38): error TS2339: Property 'servingSize' does not exist on type 'Food'.
src/data/foods.ts(502,31): error TS2339: Property 'calories' does not exist on type 'Food'.
src/data/foods.ts(504,32): error TS2339: Property 'macros' does not exist on type 'Food'.
src/data/foods.ts(505,38): error TS2339: Property 'macros' does not exist on type 'Food'.
src/data/foods.ts(506,28): error TS2339: Property 'macros' does not exist on type 'Food'.
src/data/foods.ts(507,30): error TS2339: Property 'macros' does not exist on type 'Food'.
src/data/traditionalServingSizes.ts(183,5): error TS1117: An object literal cannot have multiple properties with the same name.
src/features/nutrition/IngredientMapper.ts(3,10): error TS2724: '"../../services/freeNutritionAPIs"' has no exported member named 'freeNutritionAPIs'. Did you mean 'FreeNutritionAPIs'?
src/features/nutrition/IngredientMapper.ts(37,32): error TS2339: Property 'servingSize' does not exist on type 'Food'.
src/features/nutrition/IngredientMapper.ts(38,36): error TS2339: Property 'calories' does not exist on type 'Food'.
src/features/nutrition/IngredientMapper.ts(39,34): error TS2339: Property 'macros' does not exist on type 'Food'.
src/features/nutrition/IngredientMapper.ts(73,26): error TS2339: Property 'servingSize' does not exist on type 'Food'.
src/features/nutrition/IngredientMapper.ts(74,30): error TS2339: Property 'calories' does not exist on type 'Food'.
src/features/nutrition/IngredientMapper.ts(75,28): error TS2339: Property 'macros' does not exist on type 'Food'.
src/features/nutrition/NutritionEngine.ts(45,50): error TS2339: Property 'generatePersonalizedMeal' does not exist on type 'NutritionAnalyzerStub'.
src/features/nutrition/NutritionEngine.ts(169,5): error TS2739: Type '{ id: string; type: "breakfast" | "lunch" | "dinner" | "snack"; name: string; items: MealItem[]; totalCalories: number; totalMacros: { protein: number; carbohydrates: number; fat: number; fiber: number; }; tags: string[]; isPersonalized: true; aiGenerated: false; scheduledTime: string; }' is missing the following properties from type 'Meal': createdAt, updatedAt
src/features/nutrition/NutritionEngine.ts(222,59): error TS2367: This comparison appears to be unintentional because the types 'FoodCategory' and '"protein"' have no overlap.
src/features/nutrition/NutritionEngine.ts(230,43): error TS2345: Argument of type '"gluten"' is not assignable to parameter of type 'Allergen'.
src/features/nutrition/NutritionEngine.ts(364,78): error TS2345: Argument of type 'string' is not assignable to parameter of type 'DietaryLabel'.
src/features/nutrition/NutritionEngine.ts(368,49): error TS2339: Property 'calories' does not exist on type 'Food'.
src/features/nutrition/NutritionEngine.ts(371,49): error TS2339: Property 'macros' does not exist on type 'Food'.
src/features/nutrition/NutritionEngine.ts(394,9): error TS2322: Type 'Food | null' is not assignable to type 'Food | undefined'.
src/features/nutrition/NutritionEngine.ts(438,43): error TS2345: Argument of type '"gluten"' is not assignable to parameter of type 'Allergen'.
src/features/workouts/WorkoutEngine.ts(16,3): error TS2305: Module '"../../types/ai"' has no exported member 'AIGenerationContext'.
src/features/workouts/WorkoutEngine.ts(108,54): error TS2363: The right-hand side of an arithmetic operation must be of type 'any', 'number', 'bigint' or an enum type.
src/features/workouts/WorkoutEngine.ts(226,9): error TS2322: Type 'Exercise | null' is not assignable to type 'Exercise | undefined'.
src/features/workouts/WorkoutEngine.ts(328,24): error TS2322: Type 'string | number' is not assignable to type 'string'.
src/hooks/index.ts(4,27): error TS2307: Cannot find module './useCamera' or its corresponding type declarations.
src/hooks/index.ts(5,32): error TS2307: Cannot find module './useOfflineSync' or its corresponding type declarations.
src/hooks/index.ts(6,32): error TS2307: Cannot find module './usePerformance' or its corresponding type declarations.
src/hooks/useHealthKitSync.ts(37,56): error TS2339: Property 'metrics' does not exist on type 'unknown'.
src/hooks/useHealthKitSync.ts(38,51): error TS2339: Property 'settings' does not exist on type 'unknown'.
src/hooks/useHealthKitSync.ts(122,55): error TS2339: Property 'shouldSync' does not exist on type 'HealthKitService'.
src/hooks/useHealthKitSync.ts(212,35): error TS2339: Property 'getHealthSummary' does not exist on type 'HealthKitService'.
src/hooks/useHealthKitSync.ts(328,9): error TS7006: Parameter 'workout' implicitly has an 'any' type.
src/index.ts(23,1): error TS2308: Module './utils' has already exported a member named 'ResponsiveTheme'. Consider explicitly re-exporting to resolve the ambiguity.
src/index.ts(26,1): error TS2308: Module './services' has already exported a member named 'ApiError'. Consider explicitly re-exporting to resolve the ambiguity.
src/index.ts(26,1): error TS2308: Module './services' has already exported a member named 'ApiResponse'. Consider explicitly re-exporting to resolve the ambiguity.
src/navigation/index.ts(4,30): error TS2307: Cannot find module './AppNavigator' or its corresponding type declarations.
src/navigation/index.ts(5,37): error TS2307: Cannot find module './OnboardingNavigator' or its corresponding type declarations.
src/navigation/index.ts(6,34): error TS2307: Cannot find module './MainTabNavigator' or its corresponding type declarations.
src/screens/cooking/CookingSessionScreen.tsx(312,57): error TS2339: Property 'name' does not exist on type 'MealItem'.
src/screens/cooking/CookingSessionScreen.tsx(315,60): error TS2339: Property 'name' does not exist on type 'MealItem'.
src/screens/cooking/CookingSessionScreen.tsx(316,35): error TS2551: Property 'ingredientCalories' does not exist on type '{ container: { flex: number; backgroundColor: string; }; header: { flexDirection: "row"; alignItems: "center"; paddingHorizontal: number; paddingVertical: number; backgroundColor: string; borderBottomWidth: number; borderBottomColor: string; }; ... 70 more ...; completedStepButton: { ...; }; }'. Did you mean 'ingredientsList'?
src/screens/demo/AdvancedComponentsDemo.tsx(4,25): error TS2305: Module '"../../components/charts"' has no exported member 'NutritionChart'.
src/screens/demo/AdvancedComponentsDemo.tsx(4,41): error TS2305: Module '"../../components/charts"' has no exported member 'WorkoutIntensityChart'.
src/screens/details/ExerciseDetail.tsx(309,11): error TS2322: Type '(() => void) | undefined' is not assignable to type '() => void'.
src/screens/details/MealDetail.tsx(12,10): error TS2305: Module '"../../components/charts"' has no exported member 'NutritionChart'.
src/screens/details/MealDetail.tsx(272,13): error TS2322: Type '(() => void) | undefined' is not assignable to type '() => void'.
src/screens/details/MealDetail.tsx(278,13): error TS2322: Type '(() => void) | undefined' is not assignable to type '() => void'.
src/screens/details/MealDetail.tsx(280,13): error TS2322: Type '({ flex: number; } | { borderColor: string; })[]' is not assignable to type 'ViewStyle'.
src/screens/details/WorkoutDetail.tsx(232,11): error TS2322: Type '(() => void) | undefined' is not assignable to type '() => void'.
src/screens/diet/index.ts(4,31): error TS2307: Cannot find module './MealLogScreen' or its corresponding type declarations.
src/screens/diet/index.ts(5,35): error TS2307: Cannot find module './FoodDetailsScreen' or its corresponding type declarations.
src/screens/diet/index.ts(6,33): error TS2307: Cannot find module './NutritionScreen' or its corresponding type declarations.
src/screens/main/analytics/TrendCharts.tsx(587,55): error TS2339: Property 'xs' does not exist on type '{ sm: number; md: number; lg: number; xl: number; xxl: number; full: number; }'.
src/screens/main/analytics/TrendCharts.tsx(588,56): error TS2339: Property 'xs' does not exist on type '{ sm: number; md: number; lg: number; xl: number; xxl: number; full: number; }'.
src/screens/main/AnalyticsScreen.tsx(203,15): error TS2322: Type '{ weight: { current: number; change: number | undefined; trend: "stable" | "up" | "down" | undefined; } | undefined; calories: { burned: number; change: undefined; trend: undefined; }; workouts: { ...; }; streak: { ...; }; }' is not assignable to type 'MetricData'.
src/screens/main/diet/DietQuickActions.tsx(107,40): error TS2322: Type 'false | { opacity: number; } | undefined' is not assignable to type 'ViewStyle'.
src/screens/main/diet/MealPlanGenerator.tsx(56,34): error TS2322: Type '"medium"' is not assignable to type '"light" | "heavy" | "default" | undefined'.
src/screens/main/diet/WeekDaySelector.tsx(95,17): error TS2322: Type 'false | { backgroundColor: string; borderColor: string; }' is not assignable to type 'ViewStyle'.
src/screens/main/diet/WeekDaySelector.tsx(96,17): error TS2322: Type 'false | { borderColor: string; borderWidth: number; }' is not assignable to type 'ViewStyle'.
src/screens/main/DietScreen.tsx(141,31): error TS2339: Property 'macroTargets' does not exist on type 'NutritionGoals'.
src/screens/main/DietScreen.tsx(145,31): error TS2339: Property 'macroTargets' does not exist on type 'NutritionGoals'.
src/screens/main/DietScreen.tsx(149,31): error TS2339: Property 'macroTargets' does not exist on type 'NutritionGoals'.
src/screens/main/DietScreen.tsx(398,9): error TS2345: Argument of type 'DietPreferences | { dietType: string; allergies: string[]; cuisinePreferences: never[]; restrictions: never[]; cookingSkill: "intermediate"; mealPrepTime: "moderate"; dislikes: string[]; }' is not assignable to parameter of type 'DietPreferences'.
src/screens/main/DietScreen.tsx(440,52): error TS2339: Property 'assessProductHealth' does not exist on type 'NutritionAnalyzerStub'.
src/screens/main/DietScreen.tsx(544,39): error TS2339: Property 'planTitle' does not exist on type 'WeeklyMealPlan'.
src/screens/main/DietScreen.tsx(560,13): error TS2322: Type '"barcode" | "photo"' is not assignable to type '"progress" | "barcode" | "food"'.
src/screens/main/DietScreenNew.tsx(140,31): error TS2339: Property 'macroTargets' does not exist on type 'NutritionGoals'.
src/screens/main/DietScreenNew.tsx(144,31): error TS2339: Property 'macroTargets' does not exist on type 'NutritionGoals'.
src/screens/main/DietScreenNew.tsx(148,31): error TS2339: Property 'macroTargets' does not exist on type 'NutritionGoals'.
src/screens/main/DietScreenNew.tsx(376,9): error TS2345: Argument of type 'DietPreferences | { dietType: string; allergies: string[]; cuisinePreferences: never[]; restrictions: never[]; cookingSkill: "intermediate"; mealPrepTime: "moderate"; dislikes: string[]; }' is not assignable to parameter of type 'DietPreferences'.
src/screens/main/DietScreenNew.tsx(418,52): error TS2339: Property 'assessProductHealth' does not exist on type 'NutritionAnalyzerStub'.
src/screens/main/DietScreenNew.tsx(524,39): error TS2339: Property 'planTitle' does not exist on type 'WeeklyMealPlan'.
src/screens/main/DietScreenNew.tsx(540,13): error TS2322: Type '"barcode" | "photo"' is not assignable to type '"progress" | "barcode" | "food"'.
src/screens/main/fitness/WeeklyPlanOverview.tsx(46,32): error TS2339: Property 'totalEstimatedCalories' does not exist on type 'WeeklyWorkoutPlan'.
src/screens/main/fitness/WeeklyPlanOverview.tsx(47,27): error TS2339: Property 'restDays' does not exist on type 'WeeklyWorkoutPlan'.
src/screens/main/fitness/WeeklyPlanOverview.tsx(62,50): error TS2339: Property 'dayOfWeek' does not exist on type 'Workout'.
src/screens/main/fitness/WeeklyPlanOverview.tsx(63,28): error TS2339: Property 'restDays' does not exist on type 'WeeklyWorkoutPlan'.
src/screens/main/fitness/WeeklyPlanOverview.tsx(84,68): error TS2339: Property 'planTitle' does not exist on type 'WeeklyWorkoutPlan'.
src/screens/main/fitness/WeeklyPlanOverview.tsx(85,53): error TS2339: Property 'duration' does not exist on type 'WeeklyWorkoutPlan'.
src/screens/main/FitnessScreen.tsx(112,53): error TS2339: Property 'dayOfWeek' does not exist on type 'Workout'.
src/screens/main/FitnessScreen.tsx(117,29): error TS2339: Property 'restDays' does not exist on type 'WeeklyWorkoutPlan'.
src/screens/main/FitnessScreen.tsx(119,30): error TS2339: Property 'restDays' does not exist on type 'WeeklyWorkoutPlan'.
src/screens/main/FitnessScreen.tsx(179,52): error TS2339: Property 'dayOfWeek' does not exist on type 'Workout'.
src/screens/main/FitnessScreen.tsx(234,26): error TS2345: Argument of type 'Workout' is not assignable to parameter of type 'DayWorkout'.
src/screens/main/FitnessScreen.tsx(270,26): error TS2345: Argument of type 'Workout' is not assignable to parameter of type 'DayWorkout'.
src/screens/main/FitnessScreen.tsx(286,26): error TS2345: Argument of type 'Workout' is not assignable to parameter of type 'DayWorkout'.
src/screens/main/FitnessScreen.tsx(299,27): error TS2339: Property 'planTitle' does not exist on type 'WeeklyWorkoutPlan'.
src/screens/main/FitnessScreen.tsx(300,30): error TS2339: Property 'planDescription' does not exist on type 'WeeklyWorkoutPlan'.
src/screens/main/FitnessScreen.tsx(300,141): error TS2339: Property 'restDays' does not exist on type 'WeeklyWorkoutPlan'.
src/screens/main/FitnessScreen.tsx(333,60): error TS2339: Property 'planTitle' does not exist on type 'WeeklyWorkoutPlan'.
src/screens/main/FitnessScreen.tsx(379,19): error TS2322: Type 'Workout | null' is not assignable to type 'DayWorkout | null'.
src/screens/main/GuestSignUpScreen.tsx(4,22): error TS2307: Cannot find module 'react-native-vector-icons/Ionicons' or its corresponding type declarations.
src/screens/main/GuestSignUpScreen.tsx(259,49): error TS2322: Type 'false | { opacity: number; }' is not assignable to type 'ViewStyle'.
src/screens/main/GuestSignUpScreen.tsx(285,15): error TS2322: Type '{ label: string; placeholder: string; value: string; onChangeText: (value: string) => void; keyboardType: "email-address"; autoCapitalize: string; error: string | undefined; }' is not assignable to type 'IntrinsicAttributes & InputProps'.
src/screens/main/home/QuickActions.tsx(46,38): error TS2322: Type 'false | { opacity: number; } | undefined' is not assignable to type 'ViewStyle'.
src/screens/main/HomeScreen.tsx(315,43): error TS2339: Property 'isRestDay' does not exist on type 'Workout'.
src/screens/main/HomeScreen.tsx(316,36): error TS2339: Property 'completed' does not exist on type 'Workout'.
src/screens/main/HomeScreen.tsx(317,29): error TS2339: Property 'isRestDay' does not exist on type 'Workout'.
src/screens/main/HomeScreen.tsx(400,17): error TS2322: Type '{ workout: DayWorkout | null; hasWorkout: boolean; isCompleted: boolean; hasWeeklyPlan: boolean; isRestDay: boolean; workoutType: string; dayStatus: string; }' is not assignable to type 'WorkoutInfo'.
src/screens/main/HomeScreenIntegrationExample.tsx(80,15): error TS2322: Type '{ flexDirection: "row"; flexWrap: "wrap"; justifyContent: string; }' is not assignable to type 'StyleProp<ViewStyle>'.
src/screens/main/HomeScreenIntegrationExample.tsx(116,17): error TS2322: Type '{ flexDirection: "row"; justifyContent: string; }' is not assignable to type 'StyleProp<ViewStyle>'.
src/screens/main/HomeScreenIntegrationExample.tsx(217,9): error TS2322: Type '{ backgroundColor: string; padding: number; borderRadius: number; width: string; marginBottom: number; alignItems: "center"; }' is not assignable to type 'StyleProp<ViewStyle>'.
src/screens/main/HomeScreenIntegrationExample.tsx(239,9): error TS2322: Type '{ flexDirection: "row"; justifyContent: string; paddingVertical: number; }' is not assignable to type 'StyleProp<ViewStyle>'.
src/screens/main/index.ts(5,31): error TS2307: Cannot find module './WorkoutScreen' or its corresponding type declarations.
src/screens/main/profile/ProfileHeader.tsx(64,6): error TS2322: Type '{ children: Element; style: { paddingTop: number; paddingBottom: number; paddingHorizontal: number; }; colors: string[]; locations: number[] | undefined; start: { x: number; y: number; } | undefined; end: { ...; } | undefined; }' is not assignable to type 'Readonly<LinearGradientProps>'.
src/screens/main/ProfileScreen.tsx(99,11): error TS2339: Property 'unlockedAchievements' does not exist on type 'AchievementStore'.
src/screens/main/ProfileScreen.tsx(124,42): error TS2339: Property 'name' does not exist on type 'AuthUser'.
src/screens/main/ProfileScreen.tsx(129,15): error TS2339: Property 'createdAt' does not exist on type 'AuthUser'.
src/screens/main/ProfileScreen.tsx(130,28): error TS2339: Property 'createdAt' does not exist on type 'AuthUser'.
src/screens/main/ProfileScreen.tsx(157,9): error TS2532: Object is possibly 'undefined'.
src/screens/main/ProfileScreen.tsx(175,33): error TS2339: Property 'providerData' does not exist on type 'AuthUser'.
src/screens/main/ProfileScreen.tsx(225,30): error TS2554: Expected 2 arguments, but got 1.
src/screens/main/ProfileScreen.tsx(313,17): error TS2367: This comparison appears to be unintentional because the types 'SubscriptionStatus' and 'string' have no overlap.
src/screens/main/ProfileScreen.tsx(315,11): error TS2367: This comparison appears to be unintentional because the types 'SubscriptionStatus' and 'string' have no overlap.
src/screens/main/ProfileScreen.tsx(318,13): error TS2367: This comparison appears to be unintentional because the types 'SubscriptionStatus' and 'string' have no overlap.
src/screens/main/ProfileScreen.tsx(320,14): error TS2367: This comparison appears to be unintentional because the types 'SubscriptionStatus' and 'string' have no overlap.
src/screens/main/ProfileScreen.tsx(679,40): error TS2322: Type '"strong"' is not assignable to type '"light" | "heavy" | "default" | undefined'.
src/screens/main/ProfileScreen.tsx(728,11): error TS2322: Type 'SubscriptionStatus' is not assignable to type 'string'.
src/screens/main/ProgressScreen.tsx(449,51): error TS2322: Type 'false | { backgroundColor: string; }' is not assignable to type 'ViewStyle'.
src/screens/main/ProgressScreen.tsx(588,25): error TS2322: Type 'false | { backgroundColor: string; }' is not assignable to type 'ViewStyle'.
src/screens/main/ProgressScreen.tsx(890,27): error TS7053: Element implicitly has an 'any' type because expression of type '`rarity${string}`' can't be used to index type '{ container: { flex: number; backgroundColor: string; }; scrollView: { flex: number; }; header: { flexDirection: "row"; justifyContent: "space-between"; alignItems: "center"; paddingHorizontal: number; paddingTop: number; paddingBottom: number; }; ... 118 more ...; emptyModalSubtext: { ...; }; }'.
src/screens/main/ProgressScreen.tsx(919,76): error TS2339: Property 'totalWorkouts' does not exist on type 'ProgressStats'.
src/screens/main/ProgressScreen.tsx(928,42): error TS2339: Property 'totalDuration' does not exist on type 'ProgressStats'.
src/screens/main/ProgressScreen.tsx(929,57): error TS2339: Property 'totalDuration' does not exist on type 'ProgressStats'.
src/screens/main/ProgressScreen.tsx(938,40): error TS2339: Property 'totalCalories' does not exist on type 'ProgressStats'.
src/screens/main/ProgressScreen.tsx(946,65): error TS2339: Property 'currentStreak' does not exist on type 'ProgressStats'.
src/screens/main/ProgressScreen.tsx(1379,3): error TS1117: An object literal cannot have multiple properties with the same name.
src/screens/main/ProgressScreen.tsx(1386,3): error TS1117: An object literal cannot have multiple properties with the same name.
src/screens/main/ProgressScreen.tsx(1634,35): error TS2339: Property 'textTertiary' does not exist on type '{ primary: string; primaryDark: string; primaryLight: string; secondary: string; secondaryDark: string; secondaryLight: string; background: string; backgroundSecondary: string; backgroundTertiary: string; ... 15 more ...; borderLight: string; }'.
src/screens/main/ProgressScreen.tsx(1666,35): error TS2339: Property 'textTertiary' does not exist on type '{ primary: string; primaryDark: string; primaryLight: string; secondary: string; secondaryDark: string; secondaryLight: string; background: string; backgroundSecondary: string; backgroundTertiary: string; ... 15 more ...; borderLight: string; }'.
src/screens/main/ProgressScreen.tsx(1737,3): error TS1117: An object literal cannot have multiple properties with the same name.
src/screens/main/ProgressScreen.tsx(1750,35): error TS2339: Property 'textTertiary' does not exist on type '{ primary: string; primaryDark: string; primaryLight: string; secondary: string; secondaryDark: string; secondaryLight: string; background: string; backgroundSecondary: string; backgroundTertiary: string; ... 15 more ...; borderLight: string; }'.
src/screens/main/ProgressScreen.tsx(1770,35): error TS2339: Property 'textTertiary' does not exist on type '{ primary: string; primaryDark: string; primaryLight: string; secondary: string; secondaryDark: string; secondaryLight: string; background: string; backgroundSecondary: string; backgroundTertiary: string; ... 15 more ...; borderLight: string; }'.
src/screens/onboarding/DietPreferencesScreen.tsx(306,21): error TS2322: Type '(false | { marginBottom: number; } | { borderColor: string; backgroundColor: string; })[]' is not assignable to type 'ViewStyle'.
src/screens/onboarding/FitnessGoalsScreen.tsx(371,46): error TS2339: Property 'primary' does not exist on type 'string'.
src/screens/onboarding/FitnessGoalsScreen.tsx(389,30): error TS2339: Property 'primary' does not exist on type 'string'.
src/screens/onboarding/FitnessGoalsScreen.tsx(394,30): error TS2339: Property 'secondary' does not exist on type 'string'.
src/screens/onboarding/FitnessGoalsScreen.tsx(403,30): error TS2339: Property 'primary' does not exist on type 'string'.
src/screens/onboarding/FitnessGoalsScreen.tsx(408,30): error TS2339: Property 'secondary' does not exist on type 'string'.
src/screens/onboarding/FitnessGoalsScreen.tsx(423,46): error TS2339: Property 'secondary' does not exist on type 'string'.
src/screens/onboarding/FitnessGoalsScreen.tsx(437,30): error TS2339: Property 'primary' does not exist on type 'string'.
src/screens/onboarding/FitnessGoalsScreen.tsx(446,30): error TS2339: Property 'tertiary' does not exist on type 'string'.
src/screens/onboarding/FitnessGoalsScreen.tsx(462,46): error TS2339: Property 'secondary' does not exist on type 'string'.
src/screens/onboarding/FitnessGoalsScreen.tsx(476,30): error TS2339: Property 'primary' does not exist on type 'string'.
src/screens/onboarding/FitnessGoalsScreen.tsx(485,30): error TS2339: Property 'tertiary' does not exist on type 'string'.
src/screens/onboarding/LoginScreen.tsx(9,39): error TS2307: Cannot find module '../../utils/quickGoogleTest' or its corresponding type declarations.
src/screens/onboarding/LoginScreen.tsx(118,25): error TS18048: 'result.user' is possibly 'undefined'.
src/screens/onboarding/LoginScreen.tsx(130,25): error TS18048: 'result.user' is possibly 'undefined'.
src/screens/onboarding/LoginScreen.tsx(438,15): error TS2322: Type '{ label: string; placeholder: string; value: string; onChangeText: (value: string) => void; keyboardType: "email-address"; autoCapitalize: string; error: string | undefined; }' is not assignable to type 'IntrinsicAttributes & InputProps'.
src/screens/onboarding/OnboardingContainer.tsx(356,16): error TS2554: Expected 0 arguments, but got 1.
src/screens/onboarding/OnboardingContainer.tsx(507,68): error TS2304: Cannot find name 'fitnessGoals'.
src/screens/onboarding/OnboardingContainer.tsx(507,99): error TS2304: Cannot find name 'fitnessGoals'.
src/screens/onboarding/OnboardingFlow.tsx(262,7): error TS2322: Type 'string | undefined' is not assignable to type 'string'.
src/screens/onboarding/OnboardingFlow.tsx(274,9): error TS2322: Type 'DietPreferences | null' is not assignable to type 'DietPreferences | undefined'.
src/screens/onboarding/PersonalInfoScreen.tsx(132,21): error TS2345: Argument of type '{ name: any; email: any; age: string; gender: any; height: string; weight: string; country: any; state: any; region: any; wake_time: any; sleep_time: any; occupation_type: any; }' is not assignable to parameter of type 'SetStateAction<Omit<PersonalInfo, "activityLevel">>'.
src/screens/onboarding/PersonalInfoScreen.tsx(155,10): error TS18048: 'formData.name' is possibly 'undefined'.
src/screens/onboarding/PersonalInfoScreen.tsx(162,26): error TS2345: Argument of type 'number' is not assignable to parameter of type 'string'.
src/screens/onboarding/PersonalInfoScreen.tsx(163,23): error TS2339: Property 'trim' does not exist on type 'number'.
src/screens/onboarding/PersonalInfoScreen.tsx(164,7): error TS2322: Type 'string' is not assignable to type 'number'.
src/screens/onboarding/PersonalInfoScreen.tsx(172,40): error TS2339: Property 'height' does not exist on type 'Omit<PersonalInfo, "activityLevel">'.
src/screens/onboarding/PersonalInfoScreen.tsx(173,19): error TS2339: Property 'height' does not exist on type 'Omit<PersonalInfo, "activityLevel">'.
src/screens/onboarding/PersonalInfoScreen.tsx(174,17): error TS2339: Property 'height' does not exist on type 'Partial<Omit<PersonalInfo, "activityLevel">>'.
src/screens/onboarding/PersonalInfoScreen.tsx(178,40): error TS2339: Property 'weight' does not exist on type 'Omit<PersonalInfo, "activityLevel">'.
src/screens/onboarding/PersonalInfoScreen.tsx(179,19): error TS2339: Property 'weight' does not exist on type 'Omit<PersonalInfo, "activityLevel">'.
src/screens/onboarding/PersonalInfoScreen.tsx(180,17): error TS2339: Property 'weight' does not exist on type 'Partial<Omit<PersonalInfo, "activityLevel">>'.
src/screens/onboarding/PersonalInfoScreen.tsx(357,13): error TS2322: Type 'string | undefined' is not assignable to type 'string'.
src/screens/onboarding/PersonalInfoScreen.tsx(367,17): error TS2322: Type 'number' is not assignable to type 'string'.
src/screens/onboarding/PersonalInfoScreen.tsx(370,17): error TS2322: Type 'number | undefined' is not assignable to type 'string | undefined'.
src/screens/onboarding/PersonalInfoScreen.tsx(406,33): error TS2339: Property 'height' does not exist on type 'Omit<PersonalInfo, "activityLevel">'.
src/screens/onboarding/PersonalInfoScreen.tsx(407,54): error TS2345: Argument of type '"height"' is not assignable to parameter of type '"name" | "state" | "gender" | "first_name" | "last_name" | "email" | "age" | "country" | "region" | "wake_time" | "sleep_time" | "occupation_type"'.
src/screens/onboarding/PersonalInfoScreen.tsx(409,31): error TS2339: Property 'height' does not exist on type 'Partial<Omit<PersonalInfo, "activityLevel">>'.
src/screens/onboarding/PersonalInfoScreen.tsx(417,33): error TS2339: Property 'weight' does not exist on type 'Omit<PersonalInfo, "activityLevel">'.
src/screens/onboarding/PersonalInfoScreen.tsx(418,54): error TS2345: Argument of type '"weight"' is not assignable to parameter of type '"name" | "state" | "gender" | "first_name" | "last_name" | "email" | "age" | "country" | "region" | "wake_time" | "sleep_time" | "occupation_type"'.
src/screens/onboarding/PersonalInfoScreen.tsx(420,31): error TS2339: Property 'weight' does not exist on type 'Partial<Omit<PersonalInfo, "activityLevel">>'.
src/screens/onboarding/PersonalInfoScreen.tsx(515,19): error TS2322: Type 'string | undefined' is not assignable to type 'string'.
src/screens/onboarding/ReviewScreen.tsx(55,25): error TS2339: Property 'height' does not exist on type 'PersonalInfo'.
src/screens/onboarding/ReviewScreen.tsx(56,25): error TS2339: Property 'weight' does not exist on type 'PersonalInfo'.
src/screens/onboarding/ReviewScreen.tsx(123,46): error TS2339: Property 'height' does not exist on type 'PersonalInfo'.
src/screens/onboarding/ReviewScreen.tsx(123,76): error TS2339: Property 'height' does not exist on type 'PersonalInfo'.
src/screens/onboarding/ReviewScreen.tsx(126,46): error TS2339: Property 'weight' does not exist on type 'PersonalInfo'.
src/screens/onboarding/ReviewScreen.tsx(126,76): error TS2339: Property 'weight' does not exist on type 'PersonalInfo'.
src/screens/onboarding/ReviewScreen.tsx(142,22): error TS2532: Object is possibly 'undefined'.
src/screens/onboarding/ReviewScreen.tsx(199,22): error TS18048: 'data.workoutPreferences.workoutTypes.length' is possibly 'undefined'.
src/screens/onboarding/SignUpScreen.tsx(203,15): error TS2322: Type '{ label: string; placeholder: string; value: string; onChangeText: (value: string) => void; keyboardType: "email-address"; autoCapitalize: string; error: string | undefined; }' is not assignable to type 'IntrinsicAttributes & InputProps'.
src/screens/onboarding/tabs/AdvancedReviewTab.tsx(300,7): error TS2322: Type '"medium"' is not assignable to type '"light" | "heavy" | "default" | undefined'.
src/screens/onboarding/tabs/AdvancedReviewTab.tsx(453,9): error TS2322: Type '"medium"' is not assignable to type '"light" | "heavy" | "default" | undefined'.
src/screens/onboarding/tabs/AdvancedReviewTab.tsx(568,9): error TS2322: Type '"medium"' is not assignable to type '"light" | "heavy" | "default" | undefined'.
src/screens/onboarding/tabs/AdvancedReviewTab.tsx(642,9): error TS2322: Type '"medium"' is not assignable to type '"light" | "heavy" | "default" | undefined'.
src/screens/onboarding/tabs/AdvancedReviewTab.tsx(739,9): error TS2322: Type '"medium"' is not assignable to type '"light" | "heavy" | "default" | undefined'.
src/screens/onboarding/tabs/AdvancedReviewTab.tsx(824,61): error TS2339: Property 'max_heart_rate' does not exist on type 'AdvancedReviewData'.
src/screens/onboarding/tabs/AdvancedReviewTab.tsx(825,37): error TS2339: Property 'max_heart_rate' does not exist on type 'AdvancedReviewData'.
src/screens/onboarding/tabs/AdvancedReviewTab.tsx(854,9): error TS2322: Type '"medium"' is not assignable to type '"light" | "heavy" | "default" | undefined'.
src/screens/onboarding/tabs/AdvancedReviewTab.tsx(885,81): error TS2345: Argument of type 'number | undefined' is not assignable to parameter of type 'number'.
src/screens/onboarding/tabs/AdvancedReviewTab.tsx(892,81): error TS2345: Argument of type 'number | undefined' is not assignable to parameter of type 'number'.
src/screens/onboarding/tabs/AdvancedReviewTab.tsx(899,81): error TS2345: Argument of type 'number | undefined' is not assignable to parameter of type 'number'.
src/screens/onboarding/tabs/AdvancedReviewTab.tsx(906,81): error TS2345: Argument of type 'number | undefined' is not assignable to parameter of type 'number'.
src/screens/onboarding/tabs/AdvancedReviewTab.tsx(925,9): error TS2322: Type '"medium"' is not assignable to type '"light" | "heavy" | "default" | undefined'.
src/screens/onboarding/tabs/AdvancedReviewTab.tsx(1035,9): error TS2322: Type '"medium"' is not assignable to type '"light" | "heavy" | "default" | undefined'.
src/screens/onboarding/tabs/AdvancedReviewTab.tsx(1124,11): error TS2322: Type '{ children: (false | "" | Element | null)[]; image: { uri: string; }; overlayGradient: GradientConfig; contentPosition: "center"; minHeight: number; maxHeight: number; }' is not assignable to type 'IntrinsicAttributes & HeroSectionProps'.
src/screens/onboarding/tabs/AdvancedReviewTab.tsx(1272,15): error TS2322: Type 'false | { opacity: number; }' is not assignable to type 'ViewStyle'.
src/screens/onboarding/tabs/AdvancedReviewTab.tsx(1735,34): error TS2339: Property 'xxs' does not exist on type '{ xs: number; sm: number; md: number; lg: number; xl: number; xxl: number; xxxl: number; }'.
src/screens/onboarding/tabs/AdvancedReviewTab.tsx(2272,3): error TS1117: An object literal cannot have multiple properties with the same name.
src/screens/onboarding/tabs/BodyAnalysisTab.tsx(471,7): error TS2322: Type '"medium"' is not assignable to type '"light" | "heavy" | "default" | undefined'.
src/screens/onboarding/tabs/BodyAnalysisTab.tsx(619,9): error TS2322: Type '"medium"' is not assignable to type '"light" | "heavy" | "default" | undefined'.
src/screens/onboarding/tabs/BodyAnalysisTab.tsx(653,7): error TS2322: Type '"medium"' is not assignable to type '"light" | "heavy" | "default" | undefined'.
src/screens/onboarding/tabs/BodyAnalysisTab.tsx(778,9): error TS2322: Type '"medium"' is not assignable to type '"light" | "heavy" | "default" | undefined'.
src/screens/onboarding/tabs/BodyAnalysisTab.tsx(914,7): error TS2322: Type '"medium"' is not assignable to type '"light" | "heavy" | "default" | undefined'.
src/screens/onboarding/tabs/BodyAnalysisTab.tsx(1070,25): error TS2339: Property 'stressSlider' does not exist on type '{ container: { flex: number; backgroundColor: string; }; scrollView: { flex: number; }; header: { marginBottom: number; }; headerGradient: { paddingHorizontal: number; paddingTop: number; paddingBottom: number; borderBottomLeftRadius: number; borderBottomRightRadius: number; }; ... 176 more ...; nextButton: { ...; }...'.
src/screens/onboarding/tabs/BodyAnalysisTab.tsx(1187,9): error TS2322: Type '"medium"' is not assignable to type '"light" | "heavy" | "default" | undefined'.
src/screens/onboarding/tabs/BodyAnalysisTab.tsx(1240,11): error TS2322: Type '{ children: (false | Element)[]; image: { uri: string; }; overlayGradient: GradientConfig; contentPosition: "center"; minHeight: number; maxHeight: number; }' is not assignable to type 'IntrinsicAttributes & HeroSectionProps'.
src/screens/onboarding/tabs/BodyAnalysisTab.tsx(1251,15): error TS2322: Type '"female" | "male" | "other" | "prefer_not_to_say"' is not assignable to type '"female" | "male" | undefined'.
src/screens/onboarding/tabs/BodyAnalysisTab.tsx(1253,17): error TS2322: Type 'number' is not assignable to type 'string'.
src/screens/onboarding/tabs/BodyAnalysisTab.tsx(1254,17): error TS2322: Type 'number | undefined' is not assignable to type 'string | undefined'.
src/screens/onboarding/tabs/BodyAnalysisTab.tsx(1255,17): error TS2322: Type 'number | undefined' is not assignable to type 'string | undefined'.
src/screens/onboarding/tabs/BodyAnalysisTab.tsx(1256,17): error TS2322: Type 'number | undefined' is not assignable to type 'string | undefined'.
src/screens/onboarding/tabs/BodyAnalysisTab.tsx(1364,15): error TS2322: Type 'false | { opacity: number; } | undefined' is not assignable to type 'ViewStyle'.
src/screens/onboarding/tabs/DietPreferencesTab.tsx(810,7): error TS2322: Type '"medium"' is not assignable to type '"light" | "heavy" | "default" | undefined'.
src/screens/onboarding/tabs/DietPreferencesTab.tsx(891,7): error TS2322: Type '"medium"' is not assignable to type '"light" | "heavy" | "default" | undefined'.
src/screens/onboarding/tabs/DietPreferencesTab.tsx(930,9): error TS2322: Type '"medium"' is not assignable to type '"light" | "heavy" | "default" | undefined'.
src/screens/onboarding/tabs/DietPreferencesTab.tsx(985,19): error TS2322: Type 'false | { opacity: number; }' is not assignable to type 'ViewStyle'.
src/screens/onboarding/tabs/DietPreferencesTab.tsx(1056,7): error TS2322: Type '"medium"' is not assignable to type '"light" | "heavy" | "default" | undefined'.
src/screens/onboarding/tabs/DietPreferencesTab.tsx(1203,9): error TS2322: Type '"medium"' is not assignable to type '"light" | "heavy" | "default" | undefined'.
src/screens/onboarding/tabs/DietPreferencesTab.tsx(1251,7): error TS2322: Type '"medium"' is not assignable to type '"light" | "heavy" | "default" | undefined'.
src/screens/onboarding/tabs/DietPreferencesTab.tsx(1315,11): error TS2322: Type '{ children: (false | Element)[]; image: { uri: string; }; overlayGradient: GradientConfig; contentPosition: "center"; minHeight: number; maxHeight: number; }' is not assignable to type 'IntrinsicAttributes & HeroSectionProps'.
src/screens/onboarding/tabs/PersonalInfoTab.tsx(373,7): error TS2322: Type '"medium"' is not assignable to type '"light" | "heavy" | "default" | undefined'.
src/screens/onboarding/tabs/PersonalInfoTab.tsx(410,7): error TS2322: Type '"medium"' is not assignable to type '"light" | "heavy" | "default" | undefined'.
src/screens/onboarding/tabs/PersonalInfoTab.tsx(460,7): error TS2322: Type '"medium"' is not assignable to type '"light" | "heavy" | "default" | undefined'.
src/screens/onboarding/tabs/PersonalInfoTab.tsx(597,9): error TS2322: Type '"medium"' is not assignable to type '"light" | "heavy" | "default" | undefined'.
src/screens/onboarding/tabs/PersonalInfoTab.tsx(678,9): error TS2322: Type '"medium"' is not assignable to type '"light" | "heavy" | "default" | undefined'.
src/screens/onboarding/tabs/PersonalInfoTab.tsx(784,11): error TS2322: Type '{ children: (false | Element)[]; image: { uri: string; }; overlayGradient: GradientConfig; contentPosition: "center"; minHeight: number; maxHeight: number; }' is not assignable to type 'IntrinsicAttributes & HeroSectionProps'.
src/screens/onboarding/tabs/WorkoutPreferencesTab.tsx(770,9): error TS2322: Type '"medium"' is not assignable to type '"light" | "heavy" | "default" | undefined'.
src/screens/onboarding/tabs/WorkoutPreferencesTab.tsx(898,9): error TS2322: Type '"medium"' is not assignable to type '"light" | "heavy" | "default" | undefined'.
src/screens/onboarding/tabs/WorkoutPreferencesTab.tsx(1033,27): error TS2551: Property 'flexibilitySlider' does not exist on type '{ container: { flex: number; backgroundColor: string; }; scrollView: { flex: number; }; header: { marginBottom: number; }; headerGradient: { paddingHorizontal: number; paddingTop: number; paddingBottom: number; borderBottomLeftRadius: number; borderBottomRightRadius: number; }; ... 217 more ...; calculatedActivityNo...'. Did you mean 'flexibilityGrid'?
src/screens/onboarding/tabs/WorkoutPreferencesTab.tsx(1047,7): error TS2322: Type '"medium"' is not assignable to type '"light" | "heavy" | "default" | undefined'.
src/screens/onboarding/tabs/WorkoutPreferencesTab.tsx(1192,19): error TS2322: Type 'false | { borderColor: string; backgroundColor: string; }' is not assignable to type 'ViewStyle'.
src/screens/onboarding/tabs/WorkoutPreferencesTab.tsx(1280,7): error TS2322: Type '"medium"' is not assignable to type '"light" | "heavy" | "default" | undefined'.
src/screens/onboarding/tabs/WorkoutPreferencesTab.tsx(1326,9): error TS2322: Type '"medium"' is not assignable to type '"light" | "heavy" | "default" | undefined'.
src/screens/onboarding/tabs/WorkoutPreferencesTab.tsx(2574,48): error TS2339: Property 'xxs' does not exist on type '{ xs: number; sm: number; md: number; lg: number; xl: number; xxl: number; xxxl: number; }'.
src/screens/onboarding/WelcomeScreen.tsx(147,40): error TS2551: Property 'xxxl' does not exist on type '{ micro: number; xs: number; sm: number; md: number; lg: number; xl: number; xxl: number; display: number; }'. Did you mean 'xxl'?
src/screens/onboarding/WorkoutPreferencesScreen.tsx(325,32): error TS2339: Property 'location' does not exist on type '{ workout_types?: string | undefined; }'.
src/screens/onboarding/WorkoutPreferencesScreen.tsx(332,21): error TS2322: Type '(false | { marginBottom: number; } | { borderColor: string; backgroundColor: string; })[]' is not assignable to type 'ViewStyle'.
src/screens/onboarding/WorkoutPreferencesScreen.tsx(354,21): error TS2339: Property 'location' does not exist on type '{ workout_types?: string | undefined; }'.
src/screens/onboarding/WorkoutPreferencesScreen.tsx(354,72): error TS2339: Property 'location' does not exist on type '{ workout_types?: string | undefined; }'.
src/screens/onboarding/WorkoutPreferencesScreen.tsx(395,19): error TS2322: Type '(false | { marginBottom: number; } | { borderColor: string; backgroundColor: string; })[]' is not assignable to type 'ViewStyle'.
src/screens/profile/index.ts(4,32): error TS2307: Cannot find module './SettingsScreen' or its corresponding type declarations.
src/screens/profile/index.ts(5,32): error TS2307: Cannot find module './ProgressScreen' or its corresponding type declarations.
src/screens/profile/index.ts(6,43): error TS2307: Cannot find module './BodyAnalysisHistoryScreen' or its corresponding type declarations.
src/screens/session/MealSession.tsx(210,63): error TS2339: Property 'name' does not exist on type 'MealItem'.
src/screens/session/MealSession.tsx(212,45): error TS2339: Property 'unit' does not exist on type 'MealItem'.
src/screens/session/MealSession.tsx(217,67): error TS2339: Property 'category' does not exist on type 'MealItem'.
src/screens/session/MealSession.tsx(239,82): error TS2339: Property 'name' does not exist on type 'MealItem'.
src/screens/session/MealSession.tsx(245,83): error TS2339: Property 'unit' does not exist on type 'MealItem'.
src/screens/session/MealSession.tsx(251,48): error TS2339: Property 'preparationTime' does not exist on type 'MealItem'.
src/screens/session/MealSession.tsx(255,43): error TS2339: Property 'instructions' does not exist on type 'MealItem'.
src/screens/session/MealSession.tsx(259,49): error TS2339: Property 'instructions' does not exist on type 'MealItem'.
src/screens/session/MealSession.tsx(279,19): error TS2322: Type '(false | { padding: number; } | { borderColor: string; borderWidth: number; } | { backgroundColor: string; })[]' is not assignable to type 'ViewStyle'.
src/screens/session/MealSession.tsx(289,69): error TS2339: Property 'name' does not exist on type 'MealItem'.
src/screens/session/MealSession.tsx(291,49): error TS2339: Property 'unit' does not exist on type 'MealItem'.
src/screens/session/MealSessionScreen.tsx(249,59): error TS2339: Property 'name' does not exist on type 'MealItem'.
src/screens/session/MealSessionScreen.tsx(285,30): error TS2339: Property 'preparation' does not exist on type 'MealItem'.
src/screens/session/MealSessionScreen.tsx(286,24): error TS2339: Property 'instructions' does not exist on type 'DayMeal'.
src/screens/settings/AboutFitAIScreen.tsx(242,15): error TS2322: Type '"medium"' is not assignable to type '"light" | "heavy" | "default" | undefined'.
src/screens/settings/HealthKitSettingsScreen.tsx(19,23): error TS2307: Cannot find module '../../constants/theme' or its corresponding type declarations.
src/screens/settings/HealthKitSettingsScreen.tsx(485,21): error TS2322: Type 'string | number | symbol' is not assignable to type 'Key | null | undefined'.
src/screens/settings/HelpSupportScreen.tsx(338,21): error TS2322: Type '(false | { backgroundColor: string; })[]' is not assignable to type 'ViewStyle'.
src/screens/settings/HelpSupportScreen.tsx(417,15): error TS2322: Type '"medium"' is not assignable to type '"light" | "heavy" | "default" | undefined'.
src/screens/settings/NotificationsScreen.tsx(41,38): error TS2367: This comparison appears to be unintentional because the types 'WebManifest | undefined' and 'boolean' have no overlap.
src/screens/settings/NotificationsScreen.tsx(208,17): error TS2322: Type '"medium"' is not assignable to type '"light" | "heavy" | "default" | undefined'.
src/screens/settings/PrivacySecurityScreen.tsx(131,11): error TS2322: Type '(false | { marginBottom: number; backgroundColor: string; } | { backgroundColor: string; borderWidth: number; borderColor: string; })[]' is not assignable to type 'ViewStyle'.
src/screens/settings/SubscriptionScreen.tsx(97,13): error TS2322: Type '{ children: Element[]; className: string; }' is not assignable to type 'IntrinsicAttributes & IntrinsicClassAttributes<View> & Readonly<ViewProps>'.
src/screens/settings/SubscriptionScreen.tsx(99,15): error TS2322: Type '{ children: string; className: string; }' is not assignable to type 'IntrinsicAttributes & IntrinsicClassAttributes<Text> & Readonly<TextProps>'.
src/screens/settings/SubscriptionScreen.tsx(107,17): error TS2322: Type '{ children: any[]; className: string; }' is not assignable to type 'IntrinsicAttributes & IntrinsicClassAttributes<ScrollView> & Readonly<ScrollViewProps>'.
src/screens/settings/SubscriptionScreen.tsx(109,13): error TS2322: Type '{ children: Element; className: string; }' is not assignable to type 'IntrinsicAttributes & IntrinsicClassAttributes<View> & Readonly<ViewProps>'.
src/screens/settings/SubscriptionScreen.tsx(110,15): error TS2322: Type '{ children: Element[]; className: string; }' is not assignable to type 'IntrinsicAttributes & IntrinsicClassAttributes<View> & Readonly<ViewProps>'.
src/screens/settings/SubscriptionScreen.tsx(112,19): error TS2322: Type '{ children: string; className: string; }' is not assignable to type 'IntrinsicAttributes & IntrinsicClassAttributes<Text> & Readonly<TextProps>'.
src/screens/settings/SubscriptionScreen.tsx(115,19): error TS2322: Type '{ children: string; className: string; }' is not assignable to type 'IntrinsicAttributes & IntrinsicClassAttributes<Text> & Readonly<TextProps>'.
src/screens/settings/SubscriptionScreen.tsx(120,17): error TS2322: Type '{ children: Element; className: string; }' is not assignable to type 'IntrinsicAttributes & IntrinsicClassAttributes<View> & Readonly<ViewProps>'.
src/screens/settings/SubscriptionScreen.tsx(127,13): error TS2322: Type '{ children: Element; className: string; }' is not assignable to type 'IntrinsicAttributes & IntrinsicClassAttributes<View> & Readonly<ViewProps>'.
src/screens/settings/SubscriptionScreen.tsx(128,15): error TS2322: Type '{ children: Element[]; className: string; }' is not assignable to type 'IntrinsicAttributes & IntrinsicClassAttributes<View> & Readonly<ViewProps>'.
src/screens/settings/SubscriptionScreen.tsx(129,17): error TS2322: Type '{ children: string; className: string; }' is not assignable to type 'IntrinsicAttributes & IntrinsicClassAttributes<Text> & Readonly<TextProps>'.
src/screens/settings/SubscriptionScreen.tsx(133,17): error TS2322: Type '{ children: (false | Element)[]; className: string; }' is not assignable to type 'IntrinsicAttributes & IntrinsicClassAttributes<View> & Readonly<ViewProps>'.
src/screens/settings/SubscriptionScreen.tsx(134,19): error TS2322: Type '{ children: Element[]; className: string; }' is not assignable to type 'IntrinsicAttributes & IntrinsicClassAttributes<View> & Readonly<ViewProps>'.
src/screens/settings/SubscriptionScreen.tsx(135,21): error TS2322: Type '{ children: string; className: string; }' is not assignable to type 'IntrinsicAttributes & IntrinsicClassAttributes<Text> & Readonly<TextProps>'.
src/screens/settings/SubscriptionScreen.tsx(136,21): error TS2322: Type '{ children: string; className: string; }' is not assignable to type 'IntrinsicAttributes & IntrinsicClassAttributes<Text> & Readonly<TextProps>'.
src/screens/settings/SubscriptionScreen.tsx(144,25): error TS2322: Type '{ children: Element[]; className: string; }' is not assignable to type 'IntrinsicAttributes & IntrinsicClassAttributes<View> & Readonly<ViewProps>'.
src/screens/settings/SubscriptionScreen.tsx(145,27): error TS2322: Type '{ children: string; className: string; }' is not assignable to type 'IntrinsicAttributes & IntrinsicClassAttributes<Text> & Readonly<TextProps>'.
src/screens/settings/SubscriptionScreen.tsx(146,27): error TS2322: Type '{ children: string; className: string; }' is not assignable to type 'IntrinsicAttributes & IntrinsicClassAttributes<Text> & Readonly<TextProps>'.
src/screens/settings/SubscriptionScreen.tsx(153,25): error TS2322: Type '{ children: Element[]; className: string; }' is not assignable to type 'IntrinsicAttributes & IntrinsicClassAttributes<View> & Readonly<ViewProps>'.
src/screens/settings/SubscriptionScreen.tsx(154,27): error TS2322: Type '{ children: string; className: string; }' is not assignable to type 'IntrinsicAttributes & IntrinsicClassAttributes<Text> & Readonly<TextProps>'.
src/screens/settings/SubscriptionScreen.tsx(155,27): error TS2322: Type '{ children: string; className: string; }' is not assignable to type 'IntrinsicAttributes & IntrinsicClassAttributes<Text> & Readonly<TextProps>'.
src/screens/settings/SubscriptionScreen.tsx(161,23): error TS2322: Type '{ children: Element[]; className: string; }' is not assignable to type 'IntrinsicAttributes & IntrinsicClassAttributes<View> & Readonly<ViewProps>'.
src/screens/settings/SubscriptionScreen.tsx(162,25): error TS2322: Type '{ children: string; className: string; }' is not assignable to type 'IntrinsicAttributes & IntrinsicClassAttributes<Text> & Readonly<TextProps>'.
src/screens/settings/SubscriptionScreen.tsx(163,25): error TS2322: Type '{ children: string; className: string; }' is not assignable to type 'IntrinsicAttributes & IntrinsicClassAttributes<Text> & Readonly<TextProps>'.
src/screens/settings/SubscriptionScreen.tsx(171,21): error TS2322: Type '{ children: Element[]; className: string; }' is not assignable to type 'IntrinsicAttributes & IntrinsicClassAttributes<View> & Readonly<ViewProps>'.
src/screens/settings/SubscriptionScreen.tsx(172,23): error TS2322: Type '{ children: string; className: string; }' is not assignable to type 'IntrinsicAttributes & IntrinsicClassAttributes<Text> & Readonly<TextProps>'.
src/screens/settings/SubscriptionScreen.tsx(173,23): error TS2322: Type '{ children: (string | number)[]; className: string; }' is not assignable to type 'IntrinsicAttributes & IntrinsicClassAttributes<Text> & Readonly<TextProps>'.
src/screens/settings/SubscriptionScreen.tsx(184,15): error TS2322: Type '{ children: Element; className: string; }' is not assignable to type 'IntrinsicAttributes & IntrinsicClassAttributes<View> & Readonly<ViewProps>'.
src/screens/settings/SubscriptionScreen.tsx(185,17): error TS2322: Type '{ children: Element[]; className: string; }' is not assignable to type 'IntrinsicAttributes & IntrinsicClassAttributes<View> & Readonly<ViewProps>'.
src/screens/settings/SubscriptionScreen.tsx(186,19): error TS2322: Type '{ children: string; className: string; }' is not assignable to type 'IntrinsicAttributes & IntrinsicClassAttributes<Text> & Readonly<TextProps>'.
src/screens/settings/SubscriptionScreen.tsx(190,19): error TS2322: Type '{ children: Element[]; className: string; }' is not assignable to type 'IntrinsicAttributes & IntrinsicClassAttributes<View> & Readonly<ViewProps>'.
src/screens/settings/SubscriptionScreen.tsx(191,21): error TS2322: Type '{ children: Element[]; className: string; }' is not assignable to type 'IntrinsicAttributes & IntrinsicClassAttributes<View> & Readonly<ViewProps>'.
src/screens/settings/SubscriptionScreen.tsx(192,23): error TS2322: Type '{ children: any; className: string; }' is not assignable to type 'IntrinsicAttributes & IntrinsicClassAttributes<Text> & Readonly<TextProps>'.
src/screens/settings/SubscriptionScreen.tsx(195,23): error TS2322: Type '{ children: string; className: string; }' is not assignable to type 'IntrinsicAttributes & IntrinsicClassAttributes<Text> & Readonly<TextProps>'.
src/screens/settings/SubscriptionScreen.tsx(200,21): error TS2322: Type '{ children: Element[]; className: string; }' is not assignable to type 'IntrinsicAttributes & IntrinsicClassAttributes<View> & Readonly<ViewProps>'.
src/screens/settings/SubscriptionScreen.tsx(201,23): error TS2322: Type '{ children: any[]; className: string; }' is not assignable to type 'IntrinsicAttributes & IntrinsicClassAttributes<Text> & Readonly<TextProps>'.
src/screens/settings/SubscriptionScreen.tsx(204,23): error TS2322: Type '{ children: string; className: string; }' is not assignable to type 'IntrinsicAttributes & IntrinsicClassAttributes<Text> & Readonly<TextProps>'.
src/screens/settings/SubscriptionScreen.tsx(214,13): error TS2322: Type '{ children: Element; className: string; }' is not assignable to type 'IntrinsicAttributes & IntrinsicClassAttributes<View> & Readonly<ViewProps>'.
src/screens/settings/SubscriptionScreen.tsx(215,15): error TS2322: Type '{ children: (false | Element)[]; className: string; }' is not assignable to type 'IntrinsicAttributes & IntrinsicClassAttributes<View> & Readonly<ViewProps>'.
src/screens/settings/SubscriptionScreen.tsx(218,15): error TS2322: Type '(feature?: string | undefined) => void' is not assignable to type '(event: GestureResponderEvent) => void'.
src/screens/settings/SubscriptionScreen.tsx(221,21): error TS2322: Type '{ children: string; className: string; }' is not assignable to type 'IntrinsicAttributes & IntrinsicClassAttributes<Text> & Readonly<TextProps>'.
src/screens/settings/SubscriptionScreen.tsx(230,15): error TS2322: Type '{ children: Element; onPress: () => void; className: string; }' is not assignable to type 'IntrinsicAttributes & PressableProps & RefAttributes<View>'.
src/screens/settings/SubscriptionScreen.tsx(232,21): error TS2322: Type '{ children: string; className: string; }' is not assignable to type 'IntrinsicAttributes & IntrinsicClassAttributes<Text> & Readonly<TextProps>'.
src/screens/settings/SubscriptionScreen.tsx(240,13): error TS2322: Type '{ children: Element; onPress: () => Promise<void>; className: string; }' is not assignable to type 'IntrinsicAttributes & PressableProps & RefAttributes<View>'.
src/screens/settings/SubscriptionScreen.tsx(242,19): error TS2322: Type '{ children: string; className: string; }' is not assignable to type 'IntrinsicAttributes & IntrinsicClassAttributes<Text> & Readonly<TextProps>'.
src/screens/settings/SubscriptionScreen.tsx(250,13): error TS2322: Type '{ children: Element[]; className: string; }' is not assignable to type 'IntrinsicAttributes & IntrinsicClassAttributes<View> & Readonly<ViewProps>'.
src/screens/settings/SubscriptionScreen.tsx(251,15): error TS2322: Type '{ children: string; className: string; }' is not assignable to type 'IntrinsicAttributes & IntrinsicClassAttributes<Text> & Readonly<TextProps>'.
src/screens/settings/SubscriptionScreen.tsx(255,15): error TS2322: Type '{ children: Element; className: string; }' is not assignable to type 'IntrinsicAttributes & IntrinsicClassAttributes<View> & Readonly<ViewProps>'.
src/screens/settings/SubscriptionScreen.tsx(256,17): error TS2322: Type '{ children: Element[]; className: string; }' is not assignable to type 'IntrinsicAttributes & IntrinsicClassAttributes<View> & Readonly<ViewProps>'.
src/screens/settings/SubscriptionScreen.tsx(258,33): error TS2322: Type '{ children: (false | Element)[]; key: number; className: string; }' is not assignable to type 'IntrinsicAttributes & IntrinsicClassAttributes<View> & Readonly<ViewProps>'.
src/screens/settings/SubscriptionScreen.tsx(259,23): error TS2322: Type '{ children: string; className: string; }' is not assignable to type 'IntrinsicAttributes & IntrinsicClassAttributes<Text> & Readonly<TextProps>'.
src/screens/settings/SubscriptionScreen.tsx(260,23): error TS2322: Type '{ children: string; className: string; }' is not assignable to type 'IntrinsicAttributes & IntrinsicClassAttributes<Text> & Readonly<TextProps>'.
src/screens/settings/SubscriptionScreen.tsx(268,25): error TS2322: Type '{ children: string; className: string; }' is not assignable to type 'IntrinsicAttributes & IntrinsicClassAttributes<Text> & Readonly<TextProps>'.
src/screens/settings/SubscriptionScreen.tsx(278,15): error TS2322: Type '{ children: Element; className: string; }' is not assignable to type 'IntrinsicAttributes & IntrinsicClassAttributes<View> & Readonly<ViewProps>'.
src/screens/settings/SubscriptionScreen.tsx(279,17): error TS2322: Type '{ children: Element[]; className: string; }' is not assignable to type 'IntrinsicAttributes & IntrinsicClassAttributes<View> & Readonly<ViewProps>'.
src/screens/settings/SubscriptionScreen.tsx(280,19): error TS2322: Type '{ children: string; className: string; }' is not assignable to type 'IntrinsicAttributes & IntrinsicClassAttributes<Text> & Readonly<TextProps>'.
src/screens/settings/SubscriptionScreen.tsx(283,19): error TS2322: Type '{ children: string; className: string; }' is not assignable to type 'IntrinsicAttributes & IntrinsicClassAttributes<Text> & Readonly<TextProps>'.
src/screens/settings/SubscriptionScreen.tsx(287,15): error TS2322: Type '(feature?: string | undefined) => void' is not assignable to type '(event: GestureResponderEvent) => void'.
src/screens/settings/SubscriptionScreen.tsx(290,21): error TS2322: Type '{ children: string; className: string; }' is not assignable to type 'IntrinsicAttributes & IntrinsicClassAttributes<Text> & Readonly<TextProps>'.
src/screens/settings/SubscriptionScreen.tsx(299,13): error TS2322: Type '{ children: Element; className: string; }' is not assignable to type 'IntrinsicAttributes & IntrinsicClassAttributes<View> & Readonly<ViewProps>'.
src/screens/settings/SubscriptionScreen.tsx(300,15): error TS2322: Type '{ children: Element[]; className: string; }' is not assignable to type 'IntrinsicAttributes & IntrinsicClassAttributes<View> & Readonly<ViewProps>'.
src/screens/settings/SubscriptionScreen.tsx(302,19): error TS2322: Type '{ children: string; className: string; }' is not assignable to type 'IntrinsicAttributes & IntrinsicClassAttributes<Text> & Readonly<TextProps>'.
src/screens/settings/SubscriptionScreen.tsx(305,19): error TS2322: Type '{ children: string; className: string; }' is not assignable to type 'IntrinsicAttributes & IntrinsicClassAttributes<Text> & Readonly<TextProps>'.
src/screens/workout/index.ts(5,38): error TS2307: Cannot find module './WorkoutDetailsScreen' or its corresponding type declarations.
src/screens/workout/index.ts(6,32): error TS2307: Cannot find module './ExerciseScreen' or its corresponding type declarations.
src/screens/workout/index.ts(7,38): error TS2307: Cannot find module './WorkoutHistoryScreen' or its corresponding type declarations.
src/screens/workout/WorkoutSessionScreen.tsx(134,33): error TS2339: Property 'id' does not exist on type 'WorkoutSet'.
src/screens/workout/WorkoutSessionScreen.tsx(135,43): error TS2339: Property 'exerciseName' does not exist on type 'WorkoutSet'.
src/screens/workout/WorkoutSessionScreen.tsx(136,35): error TS2339: Property 'name' does not exist on type 'WorkoutSet'.
src/screens/workout/WorkoutSessionScreen.tsx(374,41): error TS2339: Property 'name' does not exist on type 'WorkoutSet'.
src/screens/workout/WorkoutSessionScreen.tsx(374,65): error TS2339: Property 'exerciseName' does not exist on type 'WorkoutSet'.
src/screens/workout/WorkoutSessionScreen.tsx(385,43): error TS2339: Property 'name' does not exist on type 'WorkoutSet'.
src/screens/workout/WorkoutSessionScreen.tsx(385,67): error TS2339: Property 'exerciseName' does not exist on type 'WorkoutSet'.
src/screens/workout/WorkoutSessionScreen.tsx(836,43): error TS2339: Property 'name' does not exist on type 'WorkoutSet'.
src/screens/workout/WorkoutSessionScreen.tsx(843,52): error TS2339: Property 'name' does not exist on type 'WorkoutSet'.
src/screens/workout/WorkoutSessionScreen.tsx(858,28): error TS2339: Property 'name' does not exist on type 'WorkoutSet'.
src/screens/workout/WorkoutSessionScreen.tsx(879,54): error TS2339: Property 'name' does not exist on type 'WorkoutSet'.
src/screens/workout/WorkoutSessionScreen.tsx(894,35): error TS2339: Property 'name' does not exist on type 'WorkoutSet'.
src/screens/workout/WorkoutSessionScreen.tsx(1012,50): error TS2339: Property 'name' does not exist on type 'WorkoutSet'.
src/screens/workout/WorkoutSessionScreen.tsx(1022,27): error TS2339: Property 'name' does not exist on type 'WorkoutSet'.
src/screens/workout/WorkoutSessionScreen.tsx(1046,11): error TS2322: Type '({ flex: number; minHeight: number; } | { elevation: number; })[]' is not assignable to type 'ViewStyle'.
src/services/advancedExerciseMatching.ts(427,16): error TS2339: Property 'alternatives' does not exist on type '{}'.
src/services/advancedExerciseMatching.ts(427,51): error TS2339: Property 'alternatives' does not exist on type '{}'.
src/services/advancedExerciseMatching.ts(430,56): error TS2339: Property 'alternatives' does not exist on type '{}'.
src/services/advancedExerciseMatching.ts(432,27): error TS2339: Property 'alternatives' does not exist on type '{}'.
src/services/advancedExerciseMatching.ts(435,30): error TS2339: Property 'alternatives' does not exist on type '{}'.
src/services/advancedExerciseMatching.ts(437,35): error TS2339: Property 'primaryMovement' does not exist on type '{}'.
src/services/advancedExerciseMatching.ts(522,20): error TS2339: Property 'exerciseDetails' does not exist on type '{}'.
src/services/advancedExerciseMatching.ts(523,27): error TS2339: Property 'exerciseDetails' does not exist on type '{}'.
src/services/advancedExerciseMatching.ts(524,28): error TS2339: Property 'exerciseDetails' does not exist on type '{}'.
src/services/advancedExerciseMatching.ts(532,25): error TS2339: Property 'exerciseDetails' does not exist on type '{}'.
src/services/advancedExerciseMatching.ts(533,29): error TS2339: Property 'exerciseDetails' does not exist on type '{}'.
src/services/advancedExerciseMatching.ts(534,26): error TS2339: Property 'exerciseDetails' does not exist on type '{}'.
src/services/advancedExerciseMatching.ts(539,28): error TS2339: Property 'alternatives' does not exist on type '{}'.
src/services/advancedExerciseMatching.ts(540,9): error TS2322: Type 'ExercisePattern | { primaryMovement: "isolation"; muscleGroup: "full-body"; equipment: "bodyweight"; intensity: "moderate"; }' is not assignable to type 'ExerciseClassification'.
src/services/api/index.ts(4,29): error TS2307: Cannot find module './authService' or its corresponding type declarations.
src/services/api/index.ts(5,32): error TS2307: Cannot find module './workoutService' or its corresponding type declarations.
src/services/api/index.ts(6,29): error TS2307: Cannot find module './dietService' or its corresponding type declarations.
src/services/api/index.ts(7,37): error TS2307: Cannot find module './bodyAnalysisService' or its corresponding type declarations.
src/services/api/index.ts(8,32): error TS2307: Cannot find module './storageService' or its corresponding type declarations.
src/services/backgroundHealthSync.ts(18,38): error TS2307: Cannot find module 'expo-task-manager' or its corresponding type declarations.
src/services/backgroundHealthSync.ts(19,42): error TS2307: Cannot find module 'expo-background-fetch' or its corresponding type declarations.
src/services/backgroundHealthSync.ts(27,57): error TS2339: Property 'runBackgroundSyncOnce' does not exist on type 'HealthConnectService'.
src/services/backgroundHealthSync.ts(55,42): error TS2307: Cannot find module 'expo-background-fetch' or its corresponding type declarations.
src/services/backupRecoveryService.ts(174,18): error TS2551: Property 'loadAvailableBackups' does not exist on type 'BackupRecoveryService'. Did you mean 'updateAvailableBackups'?
src/services/backupRecoveryService.ts(282,22): error TS18046: 'error' is of type 'unknown'.
src/services/backupRecoveryService.ts(361,22): error TS18046: 'error' is of type 'unknown'.
src/services/backupRecoveryService.ts(565,25): error TS2551: Property 'importAllData' does not exist on type 'DataManagerService'. Did you mean 'importData'?
src/services/backupRecoveryService.ts(570,27): error TS2551: Property 'importUserData' does not exist on type 'DataManagerService'. Did you mean 'importData'?
src/services/backupRecoveryService.ts(575,27): error TS2339: Property 'importFitnessData' does not exist on type 'DataManagerService'.
src/services/backupRecoveryService.ts(580,27): error TS2339: Property 'importNutritionData' does not exist on type 'DataManagerService'.
src/services/backupRecoveryService.ts(585,27): error TS2339: Property 'importProgressData' does not exist on type 'DataManagerService'.
src/services/camera/index.ts(4,31): error TS2307: Cannot find module './cameraService' or its corresponding type declarations.
src/services/camera/index.ts(5,40): error TS2307: Cannot find module './imageProcessingService' or its corresponding type declarations.
src/services/completionTracking.ts(114,17): error TS2353: Object literal may only specify known properties, and 'sugar' does not exist in type 'Macronutrients'.
src/services/completionTracking.ts(332,16): error TS2339: Property 'dayOfWeek' does not exist on type 'Workout'.
src/services/completionTracking.ts(373,16): error TS2339: Property 'dayOfWeek' does not exist on type 'Workout'.
src/services/dataManager.ts(137,5): error TS2322: Type 'OnboardingData | null | undefined' is not assignable to type 'OnboardingData | null'.
src/services/dataManager.ts(189,9): error TS2353: Object literal may only specify known properties, and 'syncStatus' does not exist in type 'WorkoutSession'.
src/services/dataManager.ts(228,11): error TS2353: Object literal may only specify known properties, and 'syncStatus' does not exist in type 'WorkoutSession'.
src/services/dataManager.ts(383,61): error TS2339: Property 'syncStatus' does not exist on type 'WorkoutSession'.
src/services/dataManager.ts(418,17): error TS2339: Property 'syncStatus' does not exist on type 'WorkoutSession'.
src/services/dataManager.ts(418,65): error TS2339: Property 'syncStatus' does not exist on type 'WorkoutSession'.
src/services/dataManager.ts(634,5): error TS2322: Type 'string | boolean | null' is not assignable to type 'boolean'.
src/services/dataManager.ts(641,5): error TS2322: Type 'string | boolean | null' is not assignable to type 'boolean'.
src/services/dataManager.ts(680,12): error TS1345: An expression of type 'void' cannot be tested for truthiness.
src/services/dataManager.ts(693,38): error TS2345: Argument of type 'number' is not assignable to parameter of type 'string'.
src/services/dataManager.ts(695,29): error TS2339: Property 'height' does not exist on type 'PersonalInfo'.
src/services/dataManager.ts(695,52): error TS2339: Property 'height' does not exist on type 'PersonalInfo'.
src/services/dataManager.ts(696,29): error TS2339: Property 'weight' does not exist on type 'PersonalInfo'.
src/services/dataManager.ts(696,54): error TS2339: Property 'weight' does not exist on type 'PersonalInfo'.
src/services/dataManager.ts(719,7): error TS2322: Type 'void' is not assignable to type 'boolean'.
src/services/dataManager.ts(743,15): error TS2353: Object literal may only specify known properties, and 'id' does not exist in type 'PersonalInfo'.
src/services/dataManager.ts(778,12): error TS1345: An expression of type 'void' cannot be tested for truthiness.
src/services/dataManager.ts(812,7): error TS2322: Type 'void' is not assignable to type 'boolean'.
src/services/dataManager.ts(834,15): error TS2353: Object literal may only specify known properties, and 'id' does not exist in type 'FitnessGoals'.
src/services/dataManager.ts(890,14): error TS1345: An expression of type 'void' cannot be tested for truthiness.
src/services/dataManager.ts(946,14): error TS1345: An expression of type 'void' cannot be tested for truthiness.
src/services/dataManager.ts(1182,17): error TS1345: An expression of type 'void' cannot be tested for truthiness.
src/services/dataManager.ts(1232,9): error TS2322: Type 'string' is not assignable to type 'number'.
src/services/dataManager.ts(1241,9): error TS2353: Object literal may only specify known properties, and 'id' does not exist in type 'FitnessGoals'.
src/services/dataRetrieval.ts(52,74): error TS2339: Property 'dayOfWeek' does not exist on type 'Workout'.
src/services/dataRetrieval.ts(103,7): error TS2322: Type 'Workout | null' is not assignable to type 'DayWorkout | null'.
src/services/dataRetrieval.ts(325,57): error TS2339: Property 'restDays' does not exist on type 'WeeklyWorkoutPlan'.
src/services/dataTransformation.ts(54,7): error TS2322: Type 'string | undefined' is not assignable to type 'string'.
src/services/dataTransformation.ts(55,21): error TS2345: Argument of type 'number' is not assignable to parameter of type 'string'.
src/services/dataTransformation.ts(57,42): error TS2339: Property 'height' does not exist on type 'PersonalInfo'.
src/services/dataTransformation.ts(58,42): error TS2339: Property 'weight' does not exist on type 'PersonalInfo'.
src/services/dataTransformation.ts(204,7): error TS2353: Object literal may only specify known properties, and 'syncMetadata' does not exist in type 'BodyMeasurement'.
src/services/exerciseFilterService.ts(154,7): error TS2322: Type 'string[] | undefined' is not assignable to type 'string[]'.
src/services/foodRecognitionService.ts(149,30): error TS2304: Cannot find name 'generateResponseWithImage'.
src/services/googleFit.ts(144,7): error TS2322: Type 'void' is not assignable to type 'boolean'.
src/services/googleFit.ts(144,14): error TS1345: An expression of type 'void' cannot be tested for truthiness.
src/services/googleFit.ts(159,23): error TS2554: Expected 2 arguments, but got 1.
src/services/googleFit.ts(201,11): error TS2322: Type '{ date: string; value: number; }[]' is not assignable to type 'number'.
src/services/googleFit.ts(275,43): error TS2554: Expected 2 arguments, but got 1.
src/services/googleFit.ts(366,50): error TS2345: Argument of type '{ startDate: string; endDate: string; activityType: string; calories: number; distance: number | undefined; sourceName: string; sourcePackage: string; }' is not assignable to parameter of type 'WorkoutSample'.
src/services/googleFit.ts(412,38): error TS2554: Expected 2 arguments, but got 1.
src/services/googleFit.ts(446,38): error TS2554: Expected 2 arguments, but got 1.
src/services/googleFit.ts(448,11): error TS1345: An expression of type 'void' cannot be tested for truthiness.
src/services/googleFit.ts(705,41): error TS2554: Expected 2 arguments, but got 1.
src/services/googleFit.ts(967,15): error TS2365: Operator '>' cannot be applied to types '{ date: string; value: number; }[]' and 'number'.
src/services/googleFit.ts(970,27): error TS2365: Operator '>' cannot be applied to types '{ date: string; value: number; }[]' and 'number'.
src/services/googleFit.ts(971,36): error TS2362: The left-hand side of an arithmetic operation must be of type 'any', 'number', 'bigint' or an enum type.
src/services/healthConnect.ts(11,3): error TS2724: '"react-native-health-connect"' has no exported member named 'PermissionType'. Did you mean 'Permission'?
src/services/healthConnect.ts(193,13): error TS2367: This comparison appears to be unintentional because the types 'number' and 'string' have no overlap.
src/services/healthConnect.ts(262,26): error TS2339: Property 'length' does not exist on type 'ReadRecordsResult<"Steps">'.
src/services/healthConnect.ts(263,43): error TS2339: Property 'reduce' does not exist on type 'ReadRecordsResult<"Steps">'.
src/services/healthConnect.ts(263,51): error TS7006: Parameter 'total' implicitly has an 'any' type.
src/services/healthConnect.ts(263,58): error TS7006: Parameter 'record' implicitly has an 'any' type.
src/services/healthConnect.ts(280,30): error TS2339: Property 'length' does not exist on type 'ReadRecordsResult<"HeartRate">'.
src/services/healthConnect.ts(282,32): error TS7053: Element implicitly has an 'any' type because expression of type 'number' can't be used to index type 'ReadRecordsResult<"HeartRate">'.
src/services/healthConnect.ts(282,66): error TS2339: Property 'length' does not exist on type 'ReadRecordsResult<"HeartRate">'.
src/services/healthConnect.ts(300,29): error TS2339: Property 'length' does not exist on type 'ReadRecordsResult<"ActiveCaloriesBurned">'.
src/services/healthConnect.ts(301,55): error TS2339: Property 'reduce' does not exist on type 'ReadRecordsResult<"ActiveCaloriesBurned">'.
src/services/healthConnect.ts(302,14): error TS7006: Parameter 'total' implicitly has an 'any' type.
src/services/healthConnect.ts(302,21): error TS7006: Parameter 'record' implicitly has an 'any' type.
src/services/healthConnect.ts(320,29): error TS2339: Property 'length' does not exist on type 'ReadRecordsResult<"Distance">'.
src/services/healthConnect.ts(321,49): error TS2339: Property 'reduce' does not exist on type 'ReadRecordsResult<"Distance">'.
src/services/healthConnect.ts(322,14): error TS7006: Parameter 'total' implicitly has an 'any' type.
src/services/healthConnect.ts(322,21): error TS7006: Parameter 'record' implicitly has an 'any' type.
src/services/healthConnect.ts(340,27): error TS2339: Property 'length' does not exist on type 'ReadRecordsResult<"Weight">'.
src/services/healthConnect.ts(342,32): error TS7053: Element implicitly has an 'any' type because expression of type 'number' can't be used to index type 'ReadRecordsResult<"Weight">'.
src/services/healthConnect.ts(342,60): error TS2339: Property 'length' does not exist on type 'ReadRecordsResult<"Weight">'.
src/services/healthConnect.ts(360,26): error TS2339: Property 'length' does not exist on type 'ReadRecordsResult<"SleepSession">'.
src/services/healthConnect.ts(361,43): error TS2339: Property 'map' does not exist on type 'ReadRecordsResult<"SleepSession">'.
src/services/healthConnect.ts(361,48): error TS7006: Parameter 'sleep' implicitly has an 'any' type.
src/services/healthConnect.ts(361,55): error TS7006: Parameter 'index' implicitly has an 'any' type.
src/services/healthConnect.ts(367,55): error TS18048: 'healthData.sleep' is possibly 'undefined'.
src/services/healthConnect.ts(563,14): error TS2367: This comparison appears to be unintentional because the types 'number' and 'string' have no overlap.
src/services/migration.ts(431,42): error TS2339: Property 'transformUserData' does not exist on type 'DataTransformationService'.
src/services/migration.ts(439,45): error TS2339: Property 'transformFitnessData' does not exist on type 'DataTransformationService'.
src/services/migration.ts(447,47): error TS2339: Property 'transformNutritionData' does not exist on type 'DataTransformationService'.
src/services/migration.ts(455,46): error TS2339: Property 'transformProgressData' does not exist on type 'DataTransformationService'.
src/services/migrationManager.ts(154,41): error TS18046: 'error' is of type 'unknown'.
src/services/migrationManager.ts(159,24): error TS18046: 'error' is of type 'unknown'.
src/services/migrationManager.ts(178,22): error TS18046: 'error' is of type 'unknown'.
src/services/migrationManager.ts(321,10): error TS18048: 'localData.fitness.workouts.length' is possibly 'undefined'.
src/services/migrationManager.ts(324,10): error TS18048: 'localData.nutrition.meals.length' is possibly 'undefined'.
src/services/migrationManager.ts(328,11): error TS18048: 'localData.progress.achievements.length' is possibly 'undefined'.
src/services/migrationManager.ts(492,7): error TS2739: Type 'MigrationResult' is missing the following properties from type 'MigrationResult': migrationId, progress, migratedDataCount, warnings
src/services/migrationManager.ts(501,18): error TS2322: Type 'string' is not assignable to type 'MigrationError'.
src/services/migrationService.ts(67,11): error TS18048: 'currentPlan.workouts.length' is possibly 'undefined'.
src/services/migrationService.ts(69,31): error TS18047: 'currentPlan' is possibly 'null'.
src/services/onboardingService.ts(900,97): error TS2367: This comparison appears to be unintentional because the types 'number | boolean | "medium" | "vegetarian" | "vegan" | "non-veg" | "pescatarian" | "beginner" | "intermediate" | "advanced" | "low" | "high" | "not_applicable"' and '""' have no overlap.
src/services/onboardingService.ts(906,55): error TS2367: This comparison appears to be unintentional because the types 'number | boolean | string[] | "medium" | "vegetarian" | "vegan" | "non-veg" | "pescatarian" | "beginner" | "intermediate" | "advanced" | "low" | "high" | "not_applicable"' and '""' have no overlap.
src/services/onboardingService.ts(1078,97): error TS2367: This comparison appears to be unintentional because the types 'number | boolean | "light" | "home" | "beginner" | "intermediate" | "advanced" | "moderate" | "gym" | "both" | "sedentary" | "active" | "extreme" | "good" | "excellent" | "poor" | "fair"' and '""' have no overlap.
src/services/onboardingService.ts(1089,97): error TS2367: This comparison appears to be unintentional because the types 'number | boolean | "light" | "home" | "beginner" | "intermediate" | "advanced" | "moderate" | "gym" | "both" | "sedentary" | "active" | "extreme" | "good" | "excellent" | "poor" | "fair"' and '""' have no overlap.
src/services/privacyPolicyHandler.ts(5,10): error TS2305: Module '"expo-web-browser"' has no exported member 'WebBrowser'.
src/services/privacyPolicyHandler.ts(110,11): error TS2769: No overload matches this call.
src/services/profileValidator.ts(38,28): error TS2345: Argument of type 'number' is not assignable to parameter of type 'string'.
src/services/profileValidator.ts(52,15): error TS2339: Property 'height' does not exist on type 'Partial<PersonalInfo>'.
src/services/profileValidator.ts(55,38): error TS2339: Property 'height' does not exist on type 'Partial<PersonalInfo>'.
src/services/profileValidator.ts(61,15): error TS2339: Property 'weight' does not exist on type 'Partial<PersonalInfo>'.
src/services/profileValidator.ts(64,38): error TS2339: Property 'weight' does not exist on type 'Partial<PersonalInfo>'.
src/services/profileValidator.ts(83,14): error TS2339: Property 'phoneNumber' does not exist on type 'Partial<PersonalInfo>'.
src/services/profileValidator.ts(83,59): error TS2339: Property 'phoneNumber' does not exist on type 'Partial<PersonalInfo>'.
src/services/profileValidator.ts(120,14): error TS2339: Property 'targetWeight' does not exist on type 'Partial<FitnessGoals>'.
src/services/profileValidator.ts(121,38): error TS2339: Property 'targetWeight' does not exist on type 'Partial<FitnessGoals>'.
src/services/profileValidator.ts(127,14): error TS2339: Property 'timeframe' does not exist on type 'Partial<FitnessGoals>'.
src/services/profileValidator.ts(127,55): error TS2339: Property 'timeframe' does not exist on type 'Partial<FitnessGoals>'.
src/services/profileValidator.ts(230,14): error TS2339: Property 'frequency' does not exist on type 'Partial<WorkoutPreferences>'.
src/services/profileValidator.ts(231,16): error TS2339: Property 'frequency' does not exist on type 'Partial<WorkoutPreferences>'.
src/services/profileValidator.ts(231,38): error TS2339: Property 'frequency' does not exist on type 'Partial<WorkoutPreferences>'.
src/services/profileValidator.ts(233,23): error TS2339: Property 'frequency' does not exist on type 'Partial<WorkoutPreferences>'.
src/services/SubscriptionService.ts(15,3): error TS2724: '"react-native-iap"' has no exported member named 'clearTransaction'. Did you mean 'clearTransactionIOS'?
src/services/SubscriptionService.ts(319,31): error TS2322: Type 'void | ProductPurchase | ProductPurchase[]' is not assignable to type 'Purchase | undefined'.
src/services/SubscriptionService.ts(397,62): error TS2554: Expected 1 arguments, but got 2.
src/services/SubscriptionService.ts(403,11): error TS2554: Expected 1 arguments, but got 3.
src/services/syncManager.ts(86,7): error TS18048: 'result.conflicts' is possibly 'undefined'.
src/services/syncManager.ts(95,7): error TS18048: 'result.conflicts' is possibly 'undefined'.
src/services/syncManager.ts(104,7): error TS18048: 'result.conflicts' is possibly 'undefined'.
src/services/syncManager.ts(113,7): error TS18048: 'result.conflicts' is possibly 'undefined'.
src/services/syncManager.ts(174,39): error TS2345: Argument of type 'number' is not assignable to parameter of type 'string'.
src/services/syncManager.ts(176,30): error TS2339: Property 'height' does not exist on type 'PersonalInfo'.
src/services/syncManager.ts(176,58): error TS2339: Property 'height' does not exist on type 'PersonalInfo'.
src/services/syncManager.ts(177,30): error TS2339: Property 'weight' does not exist on type 'PersonalInfo'.
src/services/syncManager.ts(177,60): error TS2339: Property 'weight' does not exist on type 'PersonalInfo'.
src/services/syncService.ts(224,22): error TS18046: 'error' is of type 'unknown'.
src/services/syncService.ts(281,7): error TS2783: 'maxRetries' is specified more than once, so this usage will be overwritten.
src/services/syncService.ts(393,18): error TS18046: 'error' is of type 'unknown'.
src/services/syncService.ts(429,73): error TS18046: 'error' is of type 'unknown'.
src/services/syncService.ts(442,42): error TS18046: 'error' is of type 'unknown'.
src/services/syncService.ts(472,56): error TS18046: 'error' is of type 'unknown'.
src/services/syncService.ts(487,44): error TS18046: 'error' is of type 'unknown'.
src/services/trackIntegrationService.ts(205,24): error TS18046: 'error' is of type 'unknown'.
src/services/trackIntegrationService.ts(229,18): error TS2339: Property 'success' does not exist on type 'void'.
src/services/trackIntegrationService.ts(246,53): error TS2339: Property 'errors' does not exist on type 'void'.
src/services/trackIntegrationService.ts(253,24): error TS18046: 'error' is of type 'unknown'.
src/services/trackIntegrationService.ts(498,47): error TS2345: Argument of type '{ personalInfo: any; fitnessGoals: any; dietPreferences: any; workoutPreferences: any; bodyAnalysis: any; }' is not assignable to parameter of type 'OnboardingData'.
src/services/wearables/wearableManager.ts(146,41): error TS2339: Property 'requestPermissions' does not exist on type 'HealthKitService'.
src/services/wearables/wearableManager.ts(197,49): error TS2339: Property 'syncHealthDataFromHealthKit' does not exist on type 'HealthKitService'.
src/services/wearables/wearableManager.ts(247,41): error TS2551: Property 'exportWorkoutToHealthKit' does not exist on type 'HealthKitService'. Did you mean 'saveWorkoutToHealthKit'?
src/services/wearables/wearableManager.ts(271,41): error TS2339: Property 'exportNutritionToHealthKit' does not exist on type 'HealthKitService'.
src/services/wearables/wearableManager.ts(295,41): error TS2339: Property 'exportBodyWeightToHealthKit' does not exist on type 'HealthKitService'.
src/services/wearables/wearableManager.ts(376,41): error TS2339: Property 'getHealthSummary' does not exist on type 'HealthKitService'.
src/services/wearables/wearableManager.ts(409,34): error TS2339: Property 'clearCache' does not exist on type 'HealthKitService'.
src/services/wearables/wearableManager.ts(463,9): error TS2322: Type '{ id: string; type: any; name: any; duration: number; calories: any; date: Date; source: string; }[]' is not assignable to type '{ id: string; type: string; name: string; duration: number; calories: number; date: string; source: string; }[]'.
src/services/wearables/wearableManager.ts(465,25): error TS2339: Property 'workoutType' does not exist on type 'HealthKitWorkout'.
src/services/wearables/wearableManager.ts(466,25): error TS2339: Property 'workoutType' does not exist on type 'HealthKitWorkout'.
src/services/wearables/wearableManager.ts(468,29): error TS2339: Property 'calories' does not exist on type 'HealthKitWorkout'.
src/services/wearables/wearableManager.ts(472,37): error TS2339: Property 'lastSyncDate' does not exist on type 'HealthKitData'.
src/services/wearables/wearableManager.ts(511,48): error TS2339: Property 'getHeartRateZones' does not exist on type 'HealthKitService'.
src/services/wearables/wearableManager.ts(539,58): error TS2339: Property 'getSleepBasedWorkoutRecommendations' does not exist on type 'HealthKitService'.
src/services/wearables/wearableManager.ts(567,51): error TS2339: Property 'getActivityAdjustedCalories' does not exist on type 'HealthKitService'.
src/services/wearables/wearableManager.ts(595,53): error TS2339: Property 'detectAndLogActivities' does not exist on type 'HealthKitService'.
src/stores/fitnessStore.ts(105,62): error TS2339: Property 'planTitle' does not exist on type 'WeeklyWorkoutPlan'.
src/stores/fitnessStore.ts(110,48): error TS2339: Property 'planTitle' does not exist on type 'WeeklyWorkoutPlan'.
src/stores/fitnessStore.ts(124,45): error TS2339: Property 'planTitle' does not exist on type 'WeeklyWorkoutPlan'.
src/stores/fitnessStore.ts(179,35): error TS2339: Property 'dayOfWeek' does not exist on type 'Workout'.
src/stores/fitnessStore.ts(246,30): error TS2339: Property 'planTitle' does not exist on type 'WeeklyWorkoutPlan'.
src/stores/fitnessStore.ts(247,36): error TS2339: Property 'planDescription' does not exist on type 'WeeklyWorkoutPlan'.
src/stores/fitnessStore.ts(247,101): error TS2339: Property 'duration' does not exist on type 'WeeklyWorkoutPlan'.
src/stores/fitnessStore.ts(250,34): error TS2339: Property 'duration' does not exist on type 'WeeklyWorkoutPlan'.
src/stores/fitnessStore.ts(440,13): error TS2353: Object literal may only specify known properties, and 'status' does not exist in type 'Partial<WorkoutSession>'.
src/stores/healthDataStore.ts(207,50): error TS2339: Property 'requestPermissions' does not exist on type 'HealthKitService'.
src/stores/healthDataStore.ts(345,49): error TS2339: Property 'shouldSync' does not exist on type 'HealthKitService'.
src/stores/healthDataStore.ts(353,71): error TS2339: Property 'syncHealthDataFromHealthKit' does not exist on type 'HealthKitService'.
src/stores/healthDataStore.ts(364,15): error TS2322: Type '({ id: string; type: string; duration: number; calories: number; date: string; source: "FitAI" | "HealthKit" | "Manual" | "GoogleFit"; } | { id: string; type: any; duration: number; calories: any; date: Date; source: "HealthKit"; })[]' is not assignable to type '{ id: string; type: string; duration: number; calories: number; date: string; source: "FitAI" | "HealthKit" | "Manual" | "GoogleFit"; }[]'.
src/stores/healthDataStore.ts(368,33): error TS2339: Property 'workoutType' does not exist on type 'HealthKitWorkout'.
src/stores/healthDataStore.ts(370,37): error TS2339: Property 'calories' does not exist on type 'HealthKitWorkout'.
src/stores/healthDataStore.ts(441,50): error TS2551: Property 'exportWorkoutToHealthKit' does not exist on type 'HealthKitService'. Did you mean 'saveWorkoutToHealthKit'?
src/stores/healthDataStore.ts(477,41): error TS2339: Property 'exportNutritionToHealthKit' does not exist on type 'HealthKitService'.
src/stores/healthDataStore.ts(542,41): error TS2339: Property 'getHeartRateZones' does not exist on type 'HealthKitService'.
src/stores/healthDataStore.ts(563,58): error TS2339: Property 'getSleepBasedWorkoutRecommendations' does not exist on type 'HealthKitService'.
src/stores/healthDataStore.ts(587,41): error TS2339: Property 'getActivityAdjustedCalories' does not exist on type 'HealthKitService'.
src/stores/nutritionStore.ts(110,60): error TS2339: Property 'planTitle' does not exist on type 'WeeklyMealPlan'.
src/stores/nutritionStore.ts(151,48): error TS7006: Parameter 'item' implicitly has an 'any' type.
src/stores/nutritionStore.ts(151,54): error TS7006: Parameter 'index' implicitly has an 'any' type.
src/stores/nutritionStore.ts(251,30): error TS2339: Property 'planTitle' does not exist on type 'WeeklyMealPlan'.
src/stores/nutritionStore.ts(252,36): error TS2339: Property 'planDescription' does not exist on type 'WeeklyMealPlan'.
src/stores/nutritionStore.ts(255,34): error TS2339: Property 'totalEstimatedCalories' does not exist on type 'WeeklyMealPlan'.
src/stores/nutritionStore.ts(280,34): error TS2339: Property 'planTitle' does not exist on type 'WeeklyMealPlan'.
src/stores/nutritionStore.ts(442,28): error TS2339: Property 'name' does not exist on type 'MealItem'.
src/theme/gluestack-ui.config.ts(287,33): error TS2339: Property 'theme' does not exist on type '{ aliases: { bg: string; bgColor: string; p: string; px: string; py: string; pt: string; pb: string; pl: string; pr: string; m: string; mx: string; my: string; mt: string; mb: string; ml: string; mr: string; w: string; ... 5 more ...; rounded: string; }; tokens: { ...; }; globalStyle: { ...; }; }'.
src/types/ai.ts(157,10): error TS2304: Cannot find name 'MealItem'.
src/types/api.ts(468,16): error TS2304: Cannot find name 'WorkoutPreferences'.
src/types/index.ts(16,15): error TS2305: Module '"./api"' has no exported member 'WorkoutPreferences'.
src/types/workout.ts(235,16): error TS2304: Cannot find name 'WorkoutPreferences'.
src/utils/cookingFlowGenerator.ts(77,54): error TS2339: Property 'name' does not exist on type 'MealItem'.
src/utils/cookingFlowGenerator.ts(372,54): error TS2339: Property 'name' does not exist on type 'MealItem'.
src/utils/cookingFlowGenerator.ts(422,78): error TS2339: Property 'name' does not exist on type 'MealItem'.
src/utils/integration.ts(296,49): error TS2551: Property 'timePreference' does not exist on type '{ location: "home" | "gym" | "both"; equipment: string[]; time_preference: number; intensity: "beginner" | "intermediate" | "advanced"; workout_types: string[]; primary_goals: string[]; activity_level: string; }'. Did you mean 'time_preference'?
src/utils/integration.ts(298,47): error TS2551: Property 'workoutTypes' does not exist on type '{ location: "home" | "gym" | "both"; equipment: string[]; time_preference: number; intensity: "beginner" | "intermediate" | "advanced"; workout_types: string[]; primary_goals: string[]; activity_level: string; }'. Did you mean 'workout_types'?
src/utils/integration.ts(519,65): error TS2339: Property 'toString' does not exist on type 'never'.
src/utils/validation.ts(281,26): error TS2345: Argument of type 'number' is not assignable to parameter of type 'string'.
src/utils/validation.ts(292,36): error TS2339: Property 'height' does not exist on type 'PersonalInfo'.
src/utils/validation.ts(307,36): error TS2339: Property 'weight' does not exist on type 'PersonalInfo'.
src/utils/validation.ts(635,7): error TS2322: Type 'string' is not assignable to type 'number'.
