src/components/animations/ProgressAnimation.tsx(97,15): error TS2322: Type 'AnimatedInterpolation<string | number>' is not assignable to type 'ReactNode'.
src/components/diet/FoodRecognitionFeedback.tsx(177,50): error TS2322: Type 'number' is not assignable to type '1 | 2 | 3 | 4 | 5 | undefined'.
src/components/diet/PortionAdjustment.tsx(171,28): error TS2345: Argument of type '(RecognizedFood | { portionSize: { estimatedGrams: number; confidence: number; servingType: "small" | "medium" | "large" | "traditional"; }; nutrition: { calories: number; ... 5 more ...; sodium: number | undefined; }; ... 11 more ...; enhancementSource: "hybrid" | ... 2 more ... | "free_api"; })[]' is not assignable to parameter of type 'RecognizedFood[]'.
src/components/fitness/ExerciseCard.tsx(83,11): error TS2322: Type 'any[]' is not assignable to type 'ViewStyle'.
src/components/migration/MigrationIntegration.tsx(11,10): error TS2305: Module '"./MigrationProgressModal"' has no exported member 'MigrationProgressModal'.
src/components/migration/MigrationIntegration.tsx(112,37): error TS2339: Property 'conflicts' does not exist on type 'MigrationResult'.
src/components/migration/MigrationIntegration.tsx(114,41): error TS2339: Property 'conflicts' does not exist on type 'MigrationResult'.
src/components/migration/MigrationProgressModal.tsx(75,21): error TS2345: Argument of type 'boolean | undefined' is not assignable to parameter of type 'SetStateAction<boolean>'.
src/components/migration/MigrationProgressModal.tsx(76,20): error TS2345: Argument of type 'boolean | undefined' is not assignable to parameter of type 'SetStateAction<boolean>'.
src/components/migration/MigrationProgressModal.tsx(94,44): error TS2345: Argument of type 'Dispatch<SetStateAction<MigrationStatus | null>>' is not assignable to parameter of type '(progress: MigrationProgress) => void'.
src/components/migration/MigrationProgressModal.tsx(100,21): error TS2345: Argument of type '{ step: string; progress: number; message: string; isComplete: true; hasErrors: false; }' is not assignable to parameter of type 'SetStateAction<MigrationStatus | null>'.
src/components/migration/MigrationProgressModal.tsx(114,21): error TS2345: Argument of type '{ step: string; progress: number; message: string; isComplete: true; hasErrors: true; }' is not assignable to parameter of type 'SetStateAction<MigrationStatus | null>'.
src/components/migration/MigrationProgressModal.tsx(124,19): error TS2345: Argument of type '{ step: string; progress: number; message: string; isComplete: true; hasErrors: true; }' is not assignable to parameter of type 'SetStateAction<MigrationStatus | null>'.
src/components/migration/MigrationProgressModal.tsx(210,64): error TS2345: Argument of type 'string | undefined' is not assignable to parameter of type 'string'.
src/components/migration/MigrationProgressModal.tsx(211,66): error TS2345: Argument of type 'string | undefined' is not assignable to parameter of type 'string'.
src/components/notifications/NotificationEditModal.tsx(22,38): error TS2367: This comparison appears to be unintentional because the types 'WebManifest | undefined' and 'boolean' have no overlap.
src/components/notifications/WaterReminderEditModal.tsx(21,38): error TS2367: This comparison appears to be unintentional because the types 'WebManifest | undefined' and 'boolean' have no overlap.
src/components/nutrition/IngredientDetailModal.tsx(44,5): error TS18048: 'item.name' is possibly 'undefined'.
src/components/nutrition/IngredientDetailModal.tsx(45,43): error TS18048: 'item.name' is possibly 'undefined'.
src/components/nutrition/NutritionAnalytics.tsx(170,81): error TS18048: 'nutritionGoals.macroTargets' is possibly 'undefined'.
src/components/nutrition/NutritionAnalytics.tsx(174,29): error TS18048: 'nutritionGoals.macroTargets' is possibly 'undefined'.
src/components/nutrition/NutritionAnalytics.tsx(181,60): error TS18048: 'nutritionGoals.macroTargets' is possibly 'undefined'.
src/components/nutrition/NutritionAnalytics.tsx(192,79): error TS18048: 'nutritionGoals.macroTargets' is possibly 'undefined'.
src/components/nutrition/NutritionAnalytics.tsx(194,71): error TS18048: 'nutritionGoals.macroTargets' is possibly 'undefined'.
src/components/nutrition/NutritionAnalytics.tsx(200,60): error TS18048: 'nutritionGoals.macroTargets' is possibly 'undefined'.
src/components/nutrition/NutritionAnalytics.tsx(211,77): error TS18048: 'nutritionGoals.macroTargets' is possibly 'undefined'.
src/components/nutrition/NutritionAnalytics.tsx(213,69): error TS18048: 'nutritionGoals.macroTargets' is possibly 'undefined'.
src/components/nutrition/NutritionAnalytics.tsx(219,60): error TS18048: 'nutritionGoals.macroTargets' is possibly 'undefined'.
src/components/nutrition/NutritionAnalytics.tsx(277,61): error TS18048: 'nutritionGoals.macroTargets' is possibly 'undefined'.
src/components/ui/Card.tsx(57,44): error TS18046: 'child.props' is of type 'unknown'.
src/components/ui/Card.tsx(65,38): error TS2339: Property 'children' does not exist on type '{}'.
src/components/ui/Card.tsx(66,64): error TS2339: Property 'children' does not exist on type '{}'.
src/components/ui/Card.tsx(67,45): error TS2339: Property 'children' does not exist on type '{}'.
src/components/ui/ChipSelector.tsx(93,11): error TS2322: Type 'string[]' is not assignable to type 'readonly [ColorValue, ColorValue, ...ColorValue[]]'.
src/components/ui/CustomDialog.tsx(121,25): error TS2322: Type '{}[]' is not assignable to type 'ViewStyle'.
src/components/ui/CustomDialog.tsx(295,33): error TS2339: Property 'statsContainer' does not exist on type '{ overlay: { flex: number; backgroundColor: string; justifyContent: "center"; alignItems: "center"; }; safeArea: { width: "85%"; maxWidth: number; }; dialogCard: { padding: number; alignItems: "center"; }; ... 7 more ...; lastActionButton: {}; }'.
src/components/ui/CustomDialog.tsx(296,35): error TS2339: Property 'statsTitle' does not exist on type '{ overlay: { flex: number; backgroundColor: string; justifyContent: "center"; alignItems: "center"; }; safeArea: { width: "85%"; maxWidth: number; }; dialogCard: { padding: number; alignItems: "center"; }; ... 7 more ...; lastActionButton: {}; }'.
src/components/ui/CustomDialog.tsx(298,35): error TS2339: Property 'statsGrid' does not exist on type '{ overlay: { flex: number; backgroundColor: string; justifyContent: "center"; alignItems: "center"; }; safeArea: { width: "85%"; maxWidth: number; }; dialogCard: { padding: number; alignItems: "center"; }; ... 7 more ...; lastActionButton: {}; }'.
src/components/ui/CustomDialog.tsx(299,37): error TS2339: Property 'statItem' does not exist on type '{ overlay: { flex: number; backgroundColor: string; justifyContent: "center"; alignItems: "center"; }; safeArea: { width: "85%"; maxWidth: number; }; dialogCard: { padding: number; alignItems: "center"; }; ... 7 more ...; lastActionButton: {}; }'.
src/components/ui/CustomDialog.tsx(300,39): error TS2339: Property 'statValue' does not exist on type '{ overlay: { flex: number; backgroundColor: string; justifyContent: "center"; alignItems: "center"; }; safeArea: { width: "85%"; maxWidth: number; }; dialogCard: { padding: number; alignItems: "center"; }; ... 7 more ...; lastActionButton: {}; }'.
src/components/ui/CustomDialog.tsx(301,39): error TS2339: Property 'statLabel' does not exist on type '{ overlay: { flex: number; backgroundColor: string; justifyContent: "center"; alignItems: "center"; }; safeArea: { width: "85%"; maxWidth: number; }; dialogCard: { padding: number; alignItems: "center"; }; ... 7 more ...; lastActionButton: {}; }'.
src/components/ui/CustomDialog.tsx(303,37): error TS2339: Property 'statItem' does not exist on type '{ overlay: { flex: number; backgroundColor: string; justifyContent: "center"; alignItems: "center"; }; safeArea: { width: "85%"; maxWidth: number; }; dialogCard: { padding: number; alignItems: "center"; }; ... 7 more ...; lastActionButton: {}; }'.
src/components/ui/CustomDialog.tsx(304,39): error TS2339: Property 'statValue' does not exist on type '{ overlay: { flex: number; backgroundColor: string; justifyContent: "center"; alignItems: "center"; }; safeArea: { width: "85%"; maxWidth: number; }; dialogCard: { padding: number; alignItems: "center"; }; ... 7 more ...; lastActionButton: {}; }'.
src/components/ui/CustomDialog.tsx(305,39): error TS2339: Property 'statLabel' does not exist on type '{ overlay: { flex: number; backgroundColor: string; justifyContent: "center"; alignItems: "center"; }; safeArea: { width: "85%"; maxWidth: number; }; dialogCard: { padding: number; alignItems: "center"; }; ... 7 more ...; lastActionButton: {}; }'.
src/components/ui/CustomDialog.tsx(307,37): error TS2339: Property 'statItem' does not exist on type '{ overlay: { flex: number; backgroundColor: string; justifyContent: "center"; alignItems: "center"; }; safeArea: { width: "85%"; maxWidth: number; }; dialogCard: { padding: number; alignItems: "center"; }; ... 7 more ...; lastActionButton: {}; }'.
src/components/ui/CustomDialog.tsx(308,39): error TS2339: Property 'statValue' does not exist on type '{ overlay: { flex: number; backgroundColor: string; justifyContent: "center"; alignItems: "center"; }; safeArea: { width: "85%"; maxWidth: number; }; dialogCard: { padding: number; alignItems: "center"; }; ... 7 more ...; lastActionButton: {}; }'.
src/components/ui/CustomDialog.tsx(311,39): error TS2339: Property 'statLabel' does not exist on type '{ overlay: { flex: number; backgroundColor: string; justifyContent: "center"; alignItems: "center"; }; safeArea: { width: "85%"; maxWidth: number; }; dialogCard: { padding: number; alignItems: "center"; }; ... 7 more ...; lastActionButton: {}; }'.
src/components/ui/GradientBarChart.tsx(98,13): error TS2322: Type 'string[]' is not assignable to type 'readonly [ColorValue, ColorValue, ...ColorValue[]]'.
src/components/ui/Input.tsx(90,13): error TS2322: Type 'false | "" | 0 | 0n | { paddingLeft: number; } | null | undefined' is not assignable to type 'TextStyle | Falsy | RegisteredStyle<TextStyle> | RecursiveArray<TextStyle | Falsy | RegisteredStyle<TextStyle>> | readonly (TextStyle | ... 1 more ... | RegisteredStyle<...>)[]'.
src/components/ui/Input.tsx(91,13): error TS2322: Type 'false | "" | 0 | 0n | { paddingRight: number; } | null | undefined' is not assignable to type 'TextStyle | Falsy | RegisteredStyle<TextStyle> | RecursiveArray<TextStyle | Falsy | RegisteredStyle<TextStyle>> | readonly (TextStyle | ... 1 more ... | RegisteredStyle<...>)[]'.
src/components/ui/loading/AuroraSpinner.tsx(137,29): error TS2551: Property '__getValue' does not exist on type 'Value'. Did you mean 'setValue'?
src/components/ui/loading/AuroraSpinner.tsx(164,11): error TS2322: Type 'string[]' is not assignable to type 'readonly [ColorValue, ColorValue, ...ColorValue[]]'.
src/components/ui/loading/AuroraSpinner.tsx(200,14): error TS2323: Cannot redeclare exported variable 'AuroraSpinnerSmall'.
src/components/ui/loading/AuroraSpinner.tsx(207,14): error TS2323: Cannot redeclare exported variable 'AuroraSpinnerMedium'.
src/components/ui/loading/AuroraSpinner.tsx(214,14): error TS2323: Cannot redeclare exported variable 'AuroraSpinnerLarge'.
src/components/ui/loading/AuroraSpinner.tsx(221,14): error TS2323: Cannot redeclare exported variable 'AuroraSpinnerXLarge'.
src/components/ui/loading/AuroraSpinner.tsx(259,14): error TS2323: Cannot redeclare exported variable 'LoadingOverlay'.
src/components/ui/loading/AuroraSpinner.tsx(277,29): error TS2551: Property '__getValue' does not exist on type 'Value'. Did you mean 'setValue'?
src/components/ui/loading/AuroraSpinner.tsx(346,14): error TS2323: Cannot redeclare exported variable 'InlineLoading'.
src/components/ui/loading/AuroraSpinner.tsx(427,3): error TS2323: Cannot redeclare exported variable 'AuroraSpinnerSmall'.
src/components/ui/loading/AuroraSpinner.tsx(427,3): error TS2484: Export declaration conflicts with exported declaration of 'AuroraSpinnerSmall'.
src/components/ui/loading/AuroraSpinner.tsx(428,3): error TS2323: Cannot redeclare exported variable 'AuroraSpinnerMedium'.
src/components/ui/loading/AuroraSpinner.tsx(428,3): error TS2484: Export declaration conflicts with exported declaration of 'AuroraSpinnerMedium'.
src/components/ui/loading/AuroraSpinner.tsx(429,3): error TS2323: Cannot redeclare exported variable 'AuroraSpinnerLarge'.
src/components/ui/loading/AuroraSpinner.tsx(429,3): error TS2484: Export declaration conflicts with exported declaration of 'AuroraSpinnerLarge'.
src/components/ui/loading/AuroraSpinner.tsx(430,3): error TS2323: Cannot redeclare exported variable 'AuroraSpinnerXLarge'.
src/components/ui/loading/AuroraSpinner.tsx(430,3): error TS2484: Export declaration conflicts with exported declaration of 'AuroraSpinnerXLarge'.
src/components/ui/loading/AuroraSpinner.tsx(431,3): error TS2323: Cannot redeclare exported variable 'LoadingOverlay'.
src/components/ui/loading/AuroraSpinner.tsx(431,3): error TS2484: Export declaration conflicts with exported declaration of 'LoadingOverlay'.
src/components/ui/loading/AuroraSpinner.tsx(432,3): error TS2323: Cannot redeclare exported variable 'InlineLoading'.
src/components/ui/loading/AuroraSpinner.tsx(432,3): error TS2484: Export declaration conflicts with exported declaration of 'InlineLoading'.
src/components/ui/loading/ProgressiveImage.tsx(262,14): error TS2323: Cannot redeclare exported variable 'ProgressiveImageBackground'.
src/components/ui/loading/ProgressiveImage.tsx(321,14): error TS2323: Cannot redeclare exported variable 'ProgressiveAvatar'.
src/components/ui/loading/ProgressiveImage.tsx(381,14): error TS2323: Cannot redeclare exported variable 'CachedProgressiveImage'.
src/components/ui/loading/ProgressiveImage.tsx(449,3): error TS2323: Cannot redeclare exported variable 'ProgressiveImageBackground'.
src/components/ui/loading/ProgressiveImage.tsx(449,3): error TS2484: Export declaration conflicts with exported declaration of 'ProgressiveImageBackground'.
src/components/ui/loading/ProgressiveImage.tsx(450,3): error TS2323: Cannot redeclare exported variable 'ProgressiveAvatar'.
src/components/ui/loading/ProgressiveImage.tsx(450,3): error TS2484: Export declaration conflicts with exported declaration of 'ProgressiveAvatar'.
src/components/ui/loading/ProgressiveImage.tsx(451,3): error TS2323: Cannot redeclare exported variable 'CachedProgressiveImage'.
src/components/ui/loading/ProgressiveImage.tsx(451,3): error TS2484: Export declaration conflicts with exported declaration of 'CachedProgressiveImage'.
src/components/ui/loading/SkeletonScreen.tsx(139,11): error TS2322: Type 'string | number' is not assignable to type 'DimensionValue | undefined'.
src/components/ui/loading/SkeletonScreen.tsx(145,11): error TS2322: Type 'string | number' is not assignable to type 'DimensionValue | undefined'.
src/components/ui/loading/SkeletonScreen.tsx(146,11): error TS2322: Type 'string | number' is not assignable to type 'DimensionValue | undefined'.
src/components/ui/loading/SkeletonScreen.tsx(152,11): error TS2322: Type 'string | number' is not assignable to type 'DimensionValue | undefined'.
src/components/ui/loading/SkeletonScreen.tsx(153,11): error TS2322: Type 'string | number' is not assignable to type 'DimensionValue | undefined'.
src/components/ui/loading/SkeletonScreen.tsx(234,14): error TS2323: Cannot redeclare exported variable 'SkeletonCard'.
src/components/ui/loading/SkeletonScreen.tsx(250,14): error TS2323: Cannot redeclare exported variable 'SkeletonListItem'.
src/components/ui/loading/SkeletonScreen.tsx(265,14): error TS2323: Cannot redeclare exported variable 'SkeletonProfile'.
src/components/ui/loading/SkeletonScreen.tsx(278,14): error TS2323: Cannot redeclare exported variable 'SkeletonText'.
src/components/ui/loading/SkeletonScreen.tsx(297,14): error TS2323: Cannot redeclare exported variable 'SkeletonGrid'.
src/components/ui/loading/SkeletonScreen.tsx(387,3): error TS2323: Cannot redeclare exported variable 'SkeletonCard'.
src/components/ui/loading/SkeletonScreen.tsx(387,3): error TS2484: Export declaration conflicts with exported declaration of 'SkeletonCard'.
src/components/ui/loading/SkeletonScreen.tsx(388,3): error TS2323: Cannot redeclare exported variable 'SkeletonListItem'.
src/components/ui/loading/SkeletonScreen.tsx(388,3): error TS2484: Export declaration conflicts with exported declaration of 'SkeletonListItem'.
src/components/ui/loading/SkeletonScreen.tsx(389,3): error TS2323: Cannot redeclare exported variable 'SkeletonProfile'.
src/components/ui/loading/SkeletonScreen.tsx(389,3): error TS2484: Export declaration conflicts with exported declaration of 'SkeletonProfile'.
src/components/ui/loading/SkeletonScreen.tsx(390,3): error TS2323: Cannot redeclare exported variable 'SkeletonText'.
src/components/ui/loading/SkeletonScreen.tsx(390,3): error TS2484: Export declaration conflicts with exported declaration of 'SkeletonText'.
src/components/ui/loading/SkeletonScreen.tsx(391,3): error TS2323: Cannot redeclare exported variable 'SkeletonGrid'.
src/components/ui/loading/SkeletonScreen.tsx(391,3): error TS2484: Export declaration conflicts with exported declaration of 'SkeletonGrid'.
